2021-10-19T21:03:30.437128,60,-384.8201306697837
2021-10-19T21:03:30.455339,65,-324.1092748558011
2021-10-19T21:03:30.463300,67,-471.2890790379169
2021-10-19T21:03:30.468277,68,-329.41120204195124
2021-10-19T21:03:30.506089,78,-427.37131764800574
2021-10-19T21:03:30.510070,79,-532.1695415551319
2021-10-19T21:03:30.561815,94,-534.0456699877258
2021-10-19T21:03:30.562811,94,-688.9703731468976
2021-10-19T21:03:30.723020,80,-547.3432688069452
2021-10-19T21:03:30.732971,63,-275.35278979882946
2021-10-19T21:03:30.757849,81,-498.73066678645495
2021-10-19T21:03:30.762824,71,-198.84197653437002
2021-10-19T21:03:30.780736,88,-281.49627485330814
2021-10-19T21:03:30.856363,75,-505.21213487600386
2021-10-19T21:03:30.867309,103,-592.7389359931617
2021-10-19T21:03:30.884226,81,-507.0772084984133
2021-10-19T21:03:30.996673,64,-185.6619893792825
2021-10-19T21:03:31.069313,77,-422.50834875832203
2021-10-19T21:03:31.132006,90,-530.1327029603657
2021-10-19T21:03:31.145936,105,-442.7406166859283
2021-10-19T21:03:31.149916,99,-460.5582670429848
2021-10-19T21:03:31.157877,75,-453.1653435741016
2021-10-19T21:03:31.174796,83,-449.6333545803015
2021-10-19T21:03:32.221626,95,-648.1682177366071
2021-10-19T21:03:32.320140,86,-658.2958651545794
2021-10-19T21:03:32.410694,67,-246.8655616110796
2021-10-19T21:03:32.429601,94,-360.07246888600935
2021-10-19T21:03:32.437562,67,-266.5051178262437
2021-10-19T21:03:32.465424,78,-112.70133590307961
2021-10-19T21:03:32.510203,93,-643.0738107835365
2021-10-19T21:03:32.583841,96,-156.93750658077678
2021-10-19T21:03:32.604738,122,-497.8712117779466
2021-10-19T21:03:32.690316,67,-268.0756638800069
2021-10-19T21:03:32.739076,84,-645.2385633938205
2021-10-19T21:03:32.744051,78,-520.623286485871
2021-10-19T21:03:32.748031,110,-480.84523143158276
2021-10-19T21:03:32.824654,92,-260.25674995048996
2021-10-19T21:03:32.860478,65,-287.5686885005756
2021-10-19T21:03:32.892321,97,-630.9660834722879
2021-10-19T21:03:32.938096,88,-386.53966806449824
2021-10-19T21:03:32.993820,64,-153.60060375712726
2021-10-19T21:03:33.043575,75,-316.343513436046
2021-10-19T21:03:33.134129,100,-433.8838501096797
2021-10-19T21:03:33.150050,118,-550.6199868392159
2021-10-19T21:03:33.175923,91,-598.2607091312263
2021-10-19T21:03:33.870500,93,-518.4121558641731
2021-10-19T21:03:33.870500,83,-464.1814892259481
2021-10-19T21:03:33.934187,118,-245.2968020223713
2021-10-19T21:03:33.942147,76,-465.2168867846896
2021-10-19T21:03:33.964039,94,-388.908359405689
2021-10-19T21:03:34.128181,98,-545.6045053185121
2021-10-19T21:03:34.136142,96,-135.4464174643084
2021-10-19T21:03:34.175946,80,-404.44792030761033
2021-10-19T21:03:34.218735,91,-193.55143301645123
2021-10-19T21:03:34.260530,121,-204.27285677534158
2021-10-19T21:03:34.269485,84,-377.65379067987425
2021-10-19T21:03:34.372974,61,-128.254587188602
2021-10-19T21:03:34.382926,66,-358.0380217538369
2021-10-19T21:03:34.394867,111,-227.23849736841953
2021-10-19T21:03:34.445617,70,-114.75962900825041
2021-10-19T21:03:34.502337,149,-176.36599987277134
2021-10-19T21:03:34.596871,101,-473.0252736874711
2021-10-19T21:03:34.601848,92,-53.7991124064432
2021-10-19T21:03:34.650606,103,-201.93553869483202
2021-10-19T21:03:34.661552,76,-563.2419129640816
2021-10-19T21:03:34.676479,77,-228.37508483706392
2021-10-19T21:03:34.725240,96,-324.80582884201647
2021-10-19T21:03:35.387975,89,-326.13923605423145
2021-10-19T21:03:35.450666,90,-91.42933424151587
2021-10-19T21:03:35.560127,94,-170.37954197227802
2021-10-19T21:03:35.604906,86,-355.21388992911113
2021-10-19T21:03:35.612866,95,-233.02281616094706
2021-10-19T21:03:35.662620,106,-392.30955110828216
2021-10-19T21:03:35.673566,126,-451.76635180911677
2021-10-19T21:03:35.691479,84,-252.17389308032597
2021-10-19T21:03:35.750189,113,-389.570651157963
2021-10-19T21:03:35.837758,76,-229.51294226614132
2021-10-19T21:03:35.871591,56,-112.70736829230547
2021-10-19T21:03:35.875572,116,-239.94471336735236
2021-10-19T21:03:35.896469,76,-100.67255778930247
2021-10-19T21:03:35.908410,81,-372.95408246799116
2021-10-19T21:03:35.937268,64,-126.1457540798373
2021-10-19T21:03:35.992993,83,-173.576473142918
2021-10-19T21:03:36.074590,83,-242.7435690570763
2021-10-19T21:03:36.156189,74,-66.36766630071769
2021-10-19T21:03:36.254703,109,-105.59519092800022
2021-10-19T21:03:36.257689,101,-289.50892163896765
2021-10-19T21:03:36.304458,106,-111.43245590300151
2021-10-19T21:03:36.323364,69,-251.98549354840202
2021-10-19T21:03:36.968187,96,-401.86237588143047
2021-10-19T21:03:36.977143,122,-32.2306291522505
2021-10-19T21:03:37.025902,124,-178.48888425703467
2021-10-19T21:03:37.164221,73,-46.154806886951945
2021-10-19T21:03:37.247810,121,-280.1014522286862
2021-10-19T21:03:37.279653,88,-328.0267101764604
2021-10-19T21:03:37.309505,90,-213.95105296544102
2021-10-19T21:03:37.352294,119,-253.88983524334378
2021-10-19T21:03:37.361250,95,-307.4413420885114
2021-10-19T21:03:37.373191,100,-157.50693127040336
2021-10-19T21:03:37.401053,93,-178.63462851092996
2021-10-19T21:03:37.580171,106,-186.16957094803226
2021-10-19T21:03:37.592113,88,-141.9074871510581
2021-10-19T21:03:37.710529,104,-303.51146170875444
2021-10-19T21:03:37.727445,115,-358.7115977313082
2021-10-19T21:03:37.763729,106,-257.2105486253378
2021-10-19T21:03:37.806518,112,-247.12716848638846
2021-10-19T21:03:37.823435,109,-166.15959758610757
2021-10-19T21:03:37.906028,84,-263.543001477318
2021-10-19T21:03:37.913988,143,-197.0285773012809
2021-10-19T21:03:37.940856,90,-186.6461187802164
2021-10-19T21:03:38.683197,86,-338.97266384134645
2021-10-19T21:03:38.716035,99,-217.8040243687337
2021-10-19T21:03:38.739918,93,-128.79630149831996
2021-10-19T21:03:38.847391,85,-120.34428382603883
2021-10-19T21:03:38.858337,114,-296.7997967751677
2021-10-19T21:03:38.873263,114,-340.1721684152383
2021-10-19T21:03:38.982724,112,-54.756957725022446
2021-10-19T21:03:39.013572,80,-129.82547168342492
2021-10-19T21:03:39.040439,80,-109.59853507069646
2021-10-19T21:03:39.132985,159,-92.11386763013351
2021-10-19T21:03:39.153881,127,-154.86168031644092
2021-10-19T21:03:39.185723,88,-16.36184022360986
2021-10-19T21:03:39.206620,97,-224.59110336257615
2021-10-19T21:03:39.214581,92,-228.96295509978177
2021-10-19T21:03:39.278267,73,-94.10122085052826
2021-10-19T21:03:39.378772,110,-152.51869048929058
2021-10-19T21:03:39.450419,69,-62.328067793169396
2021-10-19T21:03:39.459375,117,-42.56434904601478
2021-10-19T21:03:39.471316,72,-104.81127977634962
2021-10-19T21:03:39.512115,105,5.9914829807035375
2021-10-19T21:03:39.528037,94,-326.11687303618396
2021-10-19T21:03:40.175844,111,-337.874649971323
2021-10-19T21:03:40.305207,84,-100.02881578941808
2021-10-19T21:03:40.316559,116,-103.79541963149994
2021-10-19T21:03:40.342432,74,-93.62294379496478
2021-10-19T21:03:40.459854,80,-131.72505645890027
2021-10-19T21:03:40.484731,95,-138.71932570343802
2021-10-19T21:03:40.550407,127,-197.0064932736223
2021-10-19T21:03:40.558368,119,-304.40839292834374
2021-10-19T21:03:40.629020,152,-216.12428430605152
2021-10-19T21:03:40.681760,105,-72.3663047014857
2021-10-19T21:03:40.726539,107,-31.775104613681208
2021-10-19T21:03:40.767338,125,-307.3941964787087
2021-10-19T21:03:40.796196,68,-80.73950214699758
2021-10-19T21:03:40.861874,103,-188.4755835257388
2021-10-19T21:03:40.883766,88,-231.28136163379497
2021-10-19T21:03:40.946458,86,-62.70184255051279
2021-10-19T21:03:41.016114,150,-60.037633451637106
2021-10-19T21:03:41.038006,94,-183.05231585163295
2021-10-19T21:03:41.701736,95,-107.70853759943786
2021-10-19T21:03:41.719647,81,-85.30679759652975
2021-10-19T21:03:41.815177,116,-361.2630324969668
2021-10-19T21:03:41.822142,93,-99.83279596197926
2021-10-19T21:03:41.834083,73,-89.44113933509081
2021-10-19T21:03:41.933595,82,-131.5942755572384
2021-10-19T21:03:41.962452,125,-193.07384075808258
2021-10-19T21:03:41.999272,76,-73.38007630144364
2021-10-19T21:03:42.143560,134,-387.1883210237421
2021-10-19T21:03:42.147540,85,-57.50544357892336
2021-10-19T21:03:42.151521,123,-72.91149601912113
2021-10-19T21:03:42.211228,69,-89.4822894408617
2021-10-19T21:03:42.254016,89,-102.3221658648952
2021-10-19T21:03:42.261976,120,-322.8327628588496
2021-10-19T21:03:42.363478,150,-163.22601127478688
2021-10-19T21:03:42.452040,85,-88.38376402067198
2021-10-19T21:03:42.492839,137,-143.60432283844503
2021-10-19T21:03:42.539609,91,-228.41297204675286
2021-10-19T21:03:42.555530,112,-164.76098609022426
2021-10-19T21:03:42.560506,115,-11.363283203757945
2021-10-19T21:03:42.589364,92,-19.64412318155229
2021-10-19T21:03:43.252099,102,-463.6919559271323
2021-10-19T21:03:43.379471,109,-109.38723717147147
2021-10-19T21:03:43.516796,120,-45.38415377845825
2021-10-19T21:03:43.529731,112,-86.8197481954476
2021-10-19T21:03:43.536696,101,-284.72634212915875
2021-10-19T21:03:43.541672,97,-107.81285359106315
2021-10-19T21:03:43.562569,83,-92.54230280470394
2021-10-19T21:03:43.631231,114,-54.57316626843125
2021-10-19T21:03:43.736711,152,-303.8098380241864
2021-10-19T21:03:43.799402,113,-309.71354587469716
2021-10-19T21:03:43.852142,80,-49.74071968957695
2021-10-19T21:03:43.884980,93,-163.95813120118765
2021-10-19T21:03:43.900902,100,-86.86814911445353
2021-10-19T21:03:43.946676,116,-191.1021204054499
2021-10-19T21:03:44.017328,103,-44.436548455687955
2021-10-19T21:03:44.162675,168,-301.9598632646924
2021-10-19T21:03:44.888099,113,-70.17872102881631
2021-10-19T21:03:44.889094,102,-3.259217160785454
2021-10-19T21:03:44.893074,107,-72.76744186579535
2021-10-19T21:03:44.902030,131,-131.5495248119724
2021-10-19T21:03:44.906010,93,-199.75870278564543
2021-10-19T21:03:44.976662,168,-180.43772749731778
2021-10-19T21:03:45.012485,103,-132.56082430324528
2021-10-19T21:03:45.154784,103,-157.25500438930675
2021-10-19T21:03:45.267230,98,-87.48433285076482
2021-10-19T21:03:45.300068,108,-84.36832345799104
2021-10-19T21:03:45.358779,127,-150.09009718024927
2021-10-19T21:03:45.367735,106,-51.259425653996466
2021-10-19T21:03:45.478190,160,-175.51254651317004
2021-10-19T21:03:45.497097,133,-162.13055120666706
2021-10-19T21:03:45.627455,200,-233.35173622476535
2021-10-19T21:03:46.389698,170,-109.30543947514695
2021-10-19T21:03:46.419553,120,-102.09536051683527
2021-10-19T21:03:46.426518,140,-185.3206023799575
2021-10-19T21:03:46.472293,162,-78.53975417189295
2021-10-19T21:03:46.480253,106,-77.30656249894301
2021-10-19T21:03:46.530007,115,-186.5922406839512
2021-10-19T21:03:46.568816,164,38.70608775257941
2021-10-19T21:03:46.601654,98,-87.7541328783365
2021-10-19T21:03:46.741963,97,9.69907353329701
2021-10-19T21:03:46.783756,98,-87.67129538442516
2021-10-19T21:03:46.898193,131,-100.57622172803738
2021-10-19T21:03:47.012629,145,-170.89110118400322
2021-10-19T21:03:47.052432,131,-58.628538048631384
2021-10-19T21:03:47.075321,164,-279.70044625709926
2021-10-19T21:03:47.139006,164,46.68328148546087
2021-10-19T21:03:47.150947,148,-106.3730557762422
2021-10-19T21:03:47.234535,121,-92.15312426406855
2021-10-19T21:03:47.276329,143,-211.60215950087735
2021-10-19T21:03:47.998771,130,-55.27371821359216
2021-10-19T21:03:48.038576,109,-115.73425222473743
2021-10-19T21:03:48.042556,93,-35.569862589429164
2021-10-19T21:03:48.071414,82,-141.16085006892067
2021-10-19T21:03:48.134105,102,-70.79587700666069
2021-10-19T21:03:48.138085,125,-35.85127588147458
2021-10-19T21:03:48.200776,95,-70.25208619864338
2021-10-19T21:03:48.399795,110,-133.39132900748618
2021-10-19T21:03:48.432633,83,-93.96260966214369
2021-10-19T21:03:48.459501,107,-93.11962632490501
2021-10-19T21:03:48.471442,118,-69.58577801640955
2021-10-19T21:03:48.498310,126,-103.92986797512296
2021-10-19T21:03:48.535128,175,-55.62843156940312
2021-10-19T21:03:48.605780,110,-6.584930203390641
2021-10-19T21:03:48.720624,160,-130.50832257630753
2021-10-19T21:03:48.860932,125,-106.027737945918
2021-10-19T21:03:49.489832,113,-44.88195822083434
2021-10-19T21:03:49.510730,116,-56.73469012502092
2021-10-19T21:03:49.642082,116,-41.0045552168567
2021-10-19T21:03:49.681886,173,-180.82199962968673
2021-10-19T21:03:49.712734,164,-61.53013927957654
2021-10-19T21:03:49.782391,122,-118.49096536725384
2021-10-19T21:03:49.938621,116,-14.987705120675855
2021-10-19T21:03:50.072959,161,-82.84470414283652
2021-10-19T21:03:50.091866,162,-2.775852051468533
2021-10-19T21:03:50.113758,126,-53.13074951449646
2021-10-19T21:03:50.125699,110,-59.929322081362656
2021-10-19T21:03:50.140625,268,-223.55296131790357
2021-10-19T21:03:50.355566,113,16.377726696128562
2021-10-19T21:03:50.399350,194,-13.60094254927526
2021-10-19T21:03:51.051138,176,48.68110778288022
2021-10-19T21:03:51.154628,116,-55.98786462824184
2021-10-19T21:03:51.325785,172,28.325699407267024
2021-10-19T21:03:51.329765,168,-90.49148458525458
2021-10-19T21:03:51.440280,184,-99.8446829877436
2021-10-19T21:03:51.555713,145,-130.41691903321006
2021-10-19T21:03:51.574619,113,-49.02159538633639
2021-10-19T21:03:51.658208,186,-82.2104642750372
2021-10-19T21:03:51.770653,196,-14.18714255925154
2021-10-19T21:03:51.866183,148,-36.81059678198568
2021-10-19T21:03:51.900016,156,-90.25630583384216
2021-10-19T21:03:52.648331,124,-60.85680863258945
2021-10-19T21:03:52.664251,133,-24.793534516551873
2021-10-19T21:03:52.809592,140,-155.4090375001258
2021-10-19T21:03:53.024535,163,-13.284283687833039
2021-10-19T21:03:53.053392,263,3.99176559252669
2021-10-19T21:03:53.088220,109,-52.08435924548934
2021-10-19T21:03:53.428544,236,-224.447043655863
2021-10-19T21:03:53.643483,203,-51.13654581519994
2021-10-19T21:03:54.497186,190,-74.43366246047002
2021-10-19T21:03:54.540969,305,-226.80189840450444
2021-10-19T21:03:54.809645,276,-6.871761517973795
2021-10-19T21:03:55.012645,223,-106.57376266946021
2021-10-19T21:03:55.223606,151,-48.63937288155495
2021-10-19T21:03:55.260425,169,-58.42793060488543
2021-10-19T21:03:56.179092,169,-172.60608095640566
2021-10-19T21:03:56.200984,129,-65.44100382571689
2021-10-19T21:03:56.635841,185,-91.10887084237054
2021-10-19T21:03:56.643803,179,-147.47656774111937
2021-10-19T21:03:56.657735,1000,-5.268659110376346
2021-10-19T21:03:56.684601,413,-80.45303033846889
2021-10-19T21:03:56.880685,735,-245.99317160703765
2021-10-19T21:03:57.851901,240,-52.96296755914338
2021-10-19T21:03:58.050921,174,-13.313568549647997
2021-10-19T21:03:58.055896,169,-163.1456644768653
2021-10-19T21:03:58.064852,283,-102.79894969756192
2021-10-19T21:03:58.504478,226,-127.37466658142044
2021-10-19T21:03:58.548261,289,-0.7609204727689587
2021-10-19T21:03:58.803007,166,-17.78898671369369
2021-10-19T21:03:59.522460,237,-56.14530158565658
2021-10-19T21:03:59.571221,382,-66.55282954449751
2021-10-19T21:03:59.576195,203,18.111747996987845
2021-10-19T21:03:59.920762,1000,50.686171357845666
2021-10-19T21:03:59.933698,280,-166.0453653704525
2021-10-19T21:03:59.996390,195,-5.253685162034145
2021-10-19T21:04:00.398407,197,53.80761622022271
2021-10-19T21:04:00.438212,298,-0.13258607191438898
2021-10-19T21:04:00.495927,256,-18.504591691291054
2021-10-19T21:04:01.197470,256,-78.7584000558176
2021-10-19T21:04:01.371611,195,-93.68486486033386
2021-10-19T21:04:01.468136,239,-59.93283709982091
2021-10-19T21:04:01.584563,267,-76.04632568459253
2021-10-19T21:04:01.730842,138,-2.170296118890491
2021-10-19T21:04:02.123904,261,-60.03695483120869
2021-10-19T21:04:02.917991,238,-66.18580615566637
2021-10-19T21:04:02.976701,540,-267.6597320739974
2021-10-19T21:04:03.030437,356,-2.0126812530928078
2021-10-19T21:04:03.035412,241,-25.249850559075057
2021-10-19T21:04:03.489176,326,-16.324281925328464
2021-10-19T21:04:04.447531,229,10.926046934823333
2021-10-19T21:04:04.715213,614,-247.20387949553756
2021-10-19T21:04:04.736109,343,15.933201765432486
2021-10-19T21:04:05.525222,452,-122.22521785430368
2021-10-19T21:04:06.338214,668,-179.76039685559093
2021-10-19T21:04:06.405881,513,-279.5904465043548
2021-10-19T21:04:07.246146,439,17.488228735205126
2021-10-19T21:04:08.432301,340,-12.782723985460578
2021-10-19T21:04:09.776952,1000,78.38487649372954
2021-10-19T21:04:10.059560,591,-69.8208278842733
2021-10-19T21:04:10.409833,1000,23.1026810028551
2021-10-19T21:04:10.470534,861,-116.43275035283116
2021-10-19T21:04:10.812874,1000,4.635657513035881
2021-10-19T21:04:12.134860,301,-22.32037740007786
2021-10-19T21:04:12.347809,873,-143.17830527361988
2021-10-19T21:04:12.591543,321,16.98523267218937
2021-10-19T21:04:13.878179,451,-30.646990808381943
2021-10-19T21:04:14.529967,1000,38.695298730731395
2021-10-19T21:04:15.545960,455,-5.233185203542732
2021-10-19T21:04:15.573823,420,0.43970280084765534
2021-10-19T21:04:15.725077,1000,72.73995326068265
2021-10-19T21:04:16.392787,1000,36.61229826198827
2021-10-19T21:04:17.758249,563,-163.12158187396884
2021-10-19T21:04:18.073694,1000,7.73398385260541
2021-10-19T21:04:19.967365,1000,24.432662500830993
2021-10-19T21:04:20.986343,364,-15.951154195928737
2021-10-19T21:04:22.079956,1000,76.99318726928665
2021-10-19T21:04:23.192480,1000,58.801239228171006
2021-10-19T21:04:23.221337,1000,63.54113205619096
2021-10-19T21:04:23.367616,1000,33.570920405827664
2021-10-19T21:04:24.100007,1000,32.14614994659072
2021-10-19T21:04:25.178408,870,188.1075571132844
2021-10-19T21:04:25.465991,689,265.7722932655574
2021-10-19T21:04:25.543380,302,16.458654599051826
2021-10-19T21:04:25.643882,446,237.76385484390923
2021-10-19T21:04:25.968283,707,199.22858800946742
2021-10-19T21:04:26.180239,263,-33.643330999532864
2021-10-19T21:04:27.168372,496,260.6991894686861
2021-10-19T21:04:27.324601,529,205.49296956977213
2021-10-19T21:04:27.479834,287,24.130764523842174
2021-10-19T21:04:28.295177,303,-64.97263800214415
2021-10-19T21:04:28.331993,365,-34.83978600871538
2021-10-19T21:04:29.496255,494,-91.68936245387508
2021-10-19T21:04:29.615124,296,43.045918757735876
2021-10-19T21:04:29.939525,464,249.8329685728479
2021-10-19T21:04:30.017143,400,265.28023108238096
2021-10-19T21:04:30.172378,631,-187.5258390473942
2021-10-19T21:04:30.283828,477,191.431558394113
2021-10-19T21:04:31.555773,405,234.00875333107808
2021-10-19T21:04:32.850499,541,186.5342878640542
2021-10-19T21:04:33.005739,440,246.08570521078502
2021-10-19T21:04:33.201773,357,273.4424388027239
2021-10-19T21:04:33.495327,465,219.85896827941775
2021-10-19T21:04:33.510254,482,237.4394688539395
2021-10-19T21:04:33.926205,535,215.6377623624042
2021-10-19T21:04:34.774029,700,171.39582060864885
2021-10-19T21:04:35.118331,476,215.77612398588468
2021-10-19T21:04:36.605925,371,238.41533035800015
2021-10-19T21:04:36.866638,550,211.14755600156968
2021-10-19T21:04:37.144270,474,215.93055190574574
2021-10-19T21:04:37.839084,668,190.6078676235424
2021-10-19T21:04:38.713774,558,220.56866299509528
2021-10-19T21:04:38.844132,783,-30.315025945363033
2021-10-19T21:04:39.321878,415,216.07182100228232
2021-10-19T21:04:39.483083,403,237.34277243699566
2021-10-19T21:04:39.707976,396,289.1268306336535
2021-10-19T21:04:39.707976,730,214.880517192821
2021-10-19T21:04:40.368719,270,13.930174205786145
2021-10-19T21:04:40.765767,767,59.87991256939783
2021-10-19T21:04:41.148878,410,248.71978838242288
2021-10-19T21:04:42.301202,511,236.6015490775498
2021-10-19T21:04:42.479325,412,211.62056594376597
2021-10-19T21:04:42.887413,533,246.1111608739896
2021-10-19T21:04:43.006825,468,251.91567251546192
2021-10-19T21:04:43.831838,524,211.11679557813278
2021-10-19T21:04:43.890549,537,235.53263459136005
2021-10-19T21:04:43.981103,457,235.84168696770013
2021-10-19T21:04:44.149275,405,212.9885149249367
2021-10-19T21:04:44.685633,411,248.89682248652926
2021-10-19T21:04:44.805044,401,273.87021215110883
2021-10-19T21:04:45.735817,316,-9.754815861870043
2021-10-19T21:04:45.786567,374,229.39090853052278
2021-10-19T21:04:45.856223,417,233.83920817858552
2021-10-19T21:04:46.106990,395,190.38893100128132
2021-10-19T21:04:46.203514,397,254.39921582399845
2021-10-19T21:04:46.349793,390,250.66061792565688
2021-10-19T21:04:47.572768,372,251.70191424284485
2021-10-19T21:04:47.653371,420,210.06618732644665
2021-10-19T21:04:48.024542,314,273.439532408874
2021-10-19T21:04:48.029517,292,22.460655643960365
2021-10-19T21:04:48.157885,408,218.89866232573493
2021-10-19T21:04:48.806063,433,251.16487269054372
2021-10-19T21:04:48.865769,459,238.51522083001527
2021-10-19T21:04:49.070758,362,242.41571210945267
2021-10-19T21:04:49.629009,247,-6.108698537111053
2021-10-19T21:04:49.649905,341,230.71267738239817
2021-10-19T21:04:49.669806,365,257.80851486330687
2021-10-19T21:04:50.797250,326,-33.73596945729841
2021-10-19T21:04:50.828099,355,256.5274233036002
2021-10-19T21:04:50.880838,359,237.8198511338332
2021-10-19T21:04:51.060952,439,223.38595745450777
2021-10-19T21:04:52.154561,455,240.97006593827408
2021-10-19T21:04:52.187399,319,238.83661645440304
2021-10-19T21:04:52.322736,356,288.80927142711244
2021-10-19T21:04:52.541657,276,301.353544782703
2021-10-19T21:04:52.563550,403,223.8927063631694
2021-10-19T21:04:53.036222,390,227.95473830184372
2021-10-19T21:04:53.822346,417,209.5424373611815
2021-10-19T21:04:53.868120,254,290.334502712774
2021-10-19T21:04:54.200544,459,221.59873871188398
2021-10-19T21:04:54.278161,356,221.14032232864156
2021-10-19T21:04:54.290103,319,225.15262887574696
2021-10-19T21:04:54.763768,259,288.7999288753458
2021-10-19T21:04:55.650746,177,43.50645059370666
2021-10-19T21:04:55.782099,304,292.9495158811584
2021-10-19T21:04:55.853745,485,243.91520635969195
2021-10-19T21:04:55.879618,495,268.651004844365
2021-10-19T21:04:55.940318,266,310.76383972610864
2021-10-19T21:04:56.037838,374,-42.807968024750664
2021-10-19T21:04:56.261734,210,47.446269536416935
2021-10-19T21:04:56.521455,207,34.66012459034505
2021-10-19T21:04:57.407309,450,232.6321198617689
2021-10-19T21:04:57.616279,293,238.4998878909037
2021-10-19T21:04:57.681957,288,257.1836119444679
2021-10-19T21:04:57.932720,354,244.2376043744097
2021-10-19T21:04:57.997401,326,-50.040273513763694
2021-10-19T21:04:58.046160,362,240.0702367537807
2021-10-19T21:04:59.099817,402,251.9357849795208
2021-10-19T21:04:59.199327,251,5.393470654226604
2021-10-19T21:04:59.204302,305,236.93156971967645
2021-10-19T21:04:59.313763,265,289.3595563783543
2021-10-19T21:04:59.322718,399,248.35456422153177
2021-10-19T21:04:59.377449,221,265.57209107857915
2021-10-19T21:04:59.686924,282,-9.296389566229934
2021-10-19T21:05:00.880044,298,235.17817532696318
2021-10-19T21:05:01.019344,305,226.75013260791718
2021-10-19T21:05:01.136765,303,254.6257313356384
2021-10-19T21:05:01.182540,299,241.8221842218153
2021-10-19T21:05:01.377580,269,238.00223193218596
2021-10-19T21:05:02.080117,558,190.324126001638
2021-10-19T21:05:02.125891,423,207.01059912154722
2021-10-19T21:05:02.326196,164,3.096786538411777
2021-10-19T21:05:02.501333,240,235.73660012562408
2021-10-19T21:05:03.132224,325,278.22861844391616
2021-10-19T21:05:03.898448,225,267.8792801183296
2021-10-19T21:05:03.959149,286,236.78439138918807
2021-10-19T21:05:03.960144,363,256.42028040854586
2021-10-19T21:05:03.977061,320,251.49579235297875
2021-10-19T21:05:04.083536,708,215.67324978942668
2021-10-19T21:05:04.126326,337,277.74265901773845
2021-10-19T21:05:04.192996,256,245.11132149744952
2021-10-19T21:05:04.692535,244,263.75455512488475
2021-10-19T21:05:05.516954,257,256.2409369208232
2021-10-19T21:05:05.736871,297,245.37884924595892
2021-10-19T21:05:06.055302,308,46.79793460721555
2021-10-19T21:05:06.177698,362,263.53649714047134
2021-10-19T21:05:06.289149,376,247.24010843627954
2021-10-19T21:05:06.433438,448,271.37298303776146
2021-10-19T21:05:07.382759,232,222.90882709957782
2021-10-19T21:05:07.467343,551,151.64843582754168
2021-10-19T21:05:07.536004,326,303.8426530290094
2021-10-19T21:05:07.603670,391,244.4163499659377
2021-10-19T21:05:07.819609,273,219.44023962716722
2021-10-19T21:05:08.030570,276,237.93446930798007
2021-10-19T21:05:08.164908,331,258.42021365349456
2021-10-19T21:05:09.242612,281,243.07216770038792
2021-10-19T21:05:09.298338,392,232.85012045296293
2021-10-19T21:05:09.415759,286,227.38647843881557
2021-10-19T21:05:09.455566,312,249.64534996547343
2021-10-19T21:05:09.542136,370,257.3486475732402
2021-10-19T21:05:10.616844,360,226.0769772188774
2021-10-19T21:05:10.676550,291,235.3686022855524
2021-10-19T21:05:11.018862,201,9.002663366499732
2021-10-19T21:05:11.096480,247,242.94258115069033
2021-10-19T21:05:11.160166,302,243.04640127002145
2021-10-19T21:05:11.387049,499,260.4680600981418
2021-10-19T21:05:11.465661,329,266.2800952169434
2021-10-19T21:05:12.229895,232,237.05725089310764
2021-10-19T21:05:12.372194,436,248.90944201937054
2021-10-19T21:05:12.534394,319,281.1266360884055
2021-10-19T21:05:12.549320,131,10.25356652777522
2021-10-19T21:05:12.663757,247,262.0405196707335
2021-10-19T21:05:12.682664,232,264.82717993195365
2021-10-19T21:05:12.855810,260,248.29106582219077
2021-10-19T21:05:13.155328,147,-2.1923327460114166
2021-10-19T21:05:14.048848,246,264.68271697765385
2021-10-19T21:05:14.070741,321,248.5187178234852
2021-10-19T21:05:14.412058,260,241.0159058339723
2021-10-19T21:05:14.432956,261,271.820003521732
2021-10-19T21:05:14.655857,421,187.3003563752257
2021-10-19T21:05:14.963342,270,274.6296304583102
2021-10-19T21:05:14.993195,212,263.97156651147804
2021-10-19T21:05:15.002151,351,235.82794524547793
2021-10-19T21:05:15.823105,181,-1.2844327927658554
2021-10-19T21:05:15.844002,132,33.681070239118924
2021-10-19T21:05:16.033070,238,306.73627745656705
2021-10-19T21:05:16.074866,330,262.22196850767
2021-10-19T21:05:16.551515,230,249.5665950664851
2021-10-19T21:05:16.615201,248,252.48108281265394
2021-10-19T21:05:17.387396,703,221.14241345995092
2021-10-19T21:05:17.467999,249,261.99931777690944
2021-10-19T21:05:17.479940,205,36.97196714940537
2021-10-19T21:05:17.548601,333,296.24415654647385
2021-10-19T21:05:17.649106,304,255.04128447689376
2021-10-19T21:05:17.983709,325,299.8929693847228
2021-10-19T21:05:18.239449,265,274.2823301301512
2021-10-19T21:05:18.274277,178,288.3021576460726
2021-10-19T21:05:18.275272,222,279.930444768311
2021-10-19T21:05:19.231559,267,22.812491575996447
2021-10-19T21:05:19.246486,326,273.00928207085605
2021-10-19T21:05:19.379829,250,268.84709966667333
2021-10-19T21:05:19.408688,113,3.105696952902761
2021-10-19T21:05:19.435554,309,304.3440520263056
2021-10-19T21:05:19.616662,220,293.78021043552917
2021-10-19T21:05:19.879367,220,43.11684988462855
2021-10-19T21:05:20.835615,232,254.10482290000897
2021-10-19T21:05:20.930149,321,271.1790050416597
2021-10-19T21:05:21.151060,220,248.59536220877567
2021-10-19T21:05:21.261516,286,261.98749676660015
2021-10-19T21:05:21.390878,319,288.99116849000853
2021-10-19T21:05:21.409785,329,278.989981640325
2021-10-19T21:05:21.461531,370,271.6927490633859
2021-10-19T21:05:22.489466,310,275.32536614692117
2021-10-19T21:05:22.632758,137,13.253818081867124
2021-10-19T21:05:22.655645,138,29.833472439078065
2021-10-19T21:05:22.704405,257,39.479398191635255
2021-10-19T21:05:22.800989,300,249.78420137121273
2021-10-19T21:05:22.974137,268,243.10096707932334
2021-10-19T21:05:23.286596,144,39.88654280003712
2021-10-19T21:05:23.319434,290,272.84773739928244
2021-10-19T21:05:24.196116,234,262.819279881822
2021-10-19T21:05:24.276720,419,274.19236455676025
2021-10-19T21:05:24.297616,223,256.3197857277613
2021-10-19T21:05:24.615053,333,261.44052557047587
2021-10-19T21:05:24.904629,246,245.18366059049941
2021-10-19T21:05:24.947419,448,268.2444141040802
2021-10-19T21:05:25.128529,291,-177.03841551453246
2021-10-19T21:05:25.937544,401,267.2212529827282
2021-10-19T21:05:25.976354,229,258.37897528734834
2021-10-19T21:05:26.162435,271,253.51007667769915
2021-10-19T21:05:26.351505,332,254.46745952069006
2021-10-19T21:05:26.503753,118,-21.389545442745685
2021-10-19T21:05:26.552513,139,-26.037950730603058
2021-10-19T21:05:26.711729,202,230.1289673244985
2021-10-19T21:05:26.748547,103,25.73359678938951
2021-10-19T21:05:26.947567,307,274.26223584128616
2021-10-19T21:05:27.860071,357,271.0762719778443
2021-10-19T21:05:28.160588,219,272.5053061367935
2021-10-19T21:05:28.327765,271,279.54880519202004
2021-10-19T21:05:28.369559,362,207.09683638534625
2021-10-19T21:05:28.517828,251,268.3727757783584
2021-10-19T21:05:28.615348,229,256.961627815227
2021-10-19T21:05:29.451230,331,234.1209171610273
2021-10-19T21:05:29.478099,121,39.72353967970008
2021-10-19T21:05:29.631343,700,179.4411994658601
2021-10-19T21:05:29.850264,323,232.33872797718868
2021-10-19T21:05:30.032367,299,252.76875169756858
2021-10-19T21:05:30.084111,207,268.2347997326249
2021-10-19T21:05:31.214543,346,262.8604892405415
2021-10-19T21:05:31.232456,271,259.63681240767704
2021-10-19T21:05:31.263304,181,280.37255614929967
2021-10-19T21:05:31.407591,274,273.2743874438178
2021-10-19T21:05:31.527999,454,279.7540608155317
2021-10-19T21:05:31.694180,243,277.42744966984117
2021-10-19T21:05:31.699155,390,246.1425871903801
2021-10-19T21:05:31.983753,303,250.59642436846357
2021-10-19T21:05:32.823617,130,-1.5440689944323651
2021-10-19T21:05:32.840533,245,236.8020143687489
2021-10-19T21:05:33.095281,238,271.3474159025243
2021-10-19T21:05:33.199765,294,241.07134345881286
2021-10-19T21:05:33.276387,348,295.0365460277002
2021-10-19T21:05:33.456499,404,272.3831295072071
2021-10-19T21:05:33.702289,353,240.62485269668747
2021-10-19T21:05:34.414777,243,263.1626339204582
2021-10-19T21:05:34.560061,215,252.5072439972118
2021-10-19T21:05:34.850631,355,247.92552681210967
2021-10-19T21:05:34.900385,426,280.85063367715145
2021-10-19T21:05:35.008855,279,7.609358443184647
2021-10-19T21:05:35.164089,272,278.2346608586839
2021-10-19T21:05:35.324299,377,230.7946233657709
2021-10-19T21:05:36.255710,303,252.88919502591978
2021-10-19T21:05:36.260685,158,37.11562809287474
2021-10-19T21:05:36.348253,291,264.9416563627605
2021-10-19T21:05:36.356215,353,239.8909838203416
2021-10-19T21:05:36.417371,238,244.26057926310222
2021-10-19T21:05:36.425332,228,277.5044027178943
2021-10-19T21:05:36.739781,249,29.191622586413132
2021-10-19T21:05:36.804463,226,266.92092858130354
2021-10-19T21:05:36.941786,157,35.79862363824844
2021-10-19T21:05:37.880165,223,271.18957038676933
2021-10-19T21:05:37.947838,281,263.2833431159413
2021-10-19T21:05:38.107053,275,256.67173743772304
2021-10-19T21:05:38.198601,317,268.22089008878044
2021-10-19T21:05:38.286170,232,256.6789557916918
2021-10-19T21:05:38.517031,268,37.39424550224044
2021-10-19T21:05:38.662316,267,282.54271954230444
2021-10-19T21:05:39.504170,500,-151.26065115655405
2021-10-19T21:05:39.824593,297,223.85097907261923
2021-10-19T21:05:39.933057,244,260.58672580263044
2021-10-19T21:05:39.980821,275,237.60056135735283
2021-10-19T21:05:40.055453,313,239.8957859180244
2021-10-19T21:05:40.149987,388,237.0494816120312
2021-10-19T21:05:40.256463,260,274.78423896981417
2021-10-19T21:05:41.161153,283,236.6641281407414
2021-10-19T21:05:41.531328,314,260.01700008819057
2021-10-19T21:05:41.598000,251,305.9172369185055
2021-10-19T21:05:41.939318,301,49.74077413958349
2021-10-19T21:05:42.053753,291,264.0460816229927
2021-10-19T21:05:42.179136,237,284.17902402058564
2021-10-19T21:05:43.019997,365,251.44676353240067
2021-10-19T21:05:43.040893,326,262.15470314289155
2021-10-19T21:05:43.358329,259,247.3687084327758
2021-10-19T21:05:43.468784,269,250.72782367339045
2021-10-19T21:05:43.859858,243,304.23367969886067
2021-10-19T21:05:43.960363,601,214.96265824520083
2021-10-19T21:05:43.965338,206,273.392906392604
2021-10-19T21:05:44.065848,228,267.7295544527303
2021-10-19T21:05:44.066843,308,262.6639775494213
2021-10-19T21:05:45.268919,152,43.43103082789878
2021-10-19T21:05:45.333601,281,250.0297310295001
2021-10-19T21:05:45.338575,256,265.3907406100549
2021-10-19T21:05:45.355492,388,253.58351635443336
2021-10-19T21:05:45.692830,233,255.782950431004
2021-10-19T21:05:45.848065,250,217.73253951853826
2021-10-19T21:05:45.858016,271,246.66563575517137
2021-10-19T21:05:46.731711,314,267.33137342642533
2021-10-19T21:05:46.775494,210,271.1761195758259
2021-10-19T21:05:46.989439,243,236.2486760447457
2021-10-19T21:05:47.016308,244,277.11535634279676
2021-10-19T21:05:47.170547,282,244.8657392604554
2021-10-19T21:05:47.295994,225,261.3584233958899
2021-10-19T21:05:47.592533,266,249.13841765133185
2021-10-19T21:05:48.523950,263,258.50352121118465
2021-10-19T21:05:48.665220,348,240.70345309080133
2021-10-19T21:05:48.848318,261,256.37235360621935
2021-10-19T21:05:48.943850,288,274.03954722989727
2021-10-19T21:05:49.116001,377,224.76364183010622
2021-10-19T21:05:49.157797,271,272.07915400821264
2021-10-19T21:05:50.384754,280,302.87328355815407
2021-10-19T21:05:50.481278,468,179.6240103747425
2021-10-19T21:05:50.496205,282,249.8995432442059
2021-10-19T21:05:50.539992,233,243.12133761369154
2021-10-19T21:05:50.755927,313,275.609571226956
2021-10-19T21:05:50.856435,461,185.23645659920336
2021-10-19T21:05:51.712220,156,53.59944827032672
2021-10-19T21:05:51.777895,351,288.54028667035345
2021-10-19T21:05:52.119379,278,271.2690757063882
2021-10-19T21:05:52.120375,243,240.11137947940676
2021-10-19T21:05:52.140277,258,305.48706824559997
2021-10-19T21:05:52.281580,142,59.195078286683355
2021-10-19T21:05:52.353227,244,229.39371406518777
2021-10-19T21:05:52.461693,248,292.7165830495145
2021-10-19T21:05:52.527369,532,194.21401730636615
2021-10-19T21:05:53.570236,199,260.723475695185
2021-10-19T21:05:53.697609,173,-8.614326010111284
2021-10-19T21:05:53.782192,253,264.76039144187206
2021-10-19T21:05:54.094655,292,309.32674759188967
2021-10-19T21:05:54.140430,238,235.03861398841678
2021-10-19T21:05:54.278747,465,224.63262207827114
2021-10-19T21:05:55.392263,385,-98.01376882084422
2021-10-19T21:05:55.392263,475,196.02686012303667
2021-10-19T21:05:55.505708,263,261.7866642959516
2021-10-19T21:05:55.771398,351,243.327915355913
2021-10-19T21:05:55.842049,236,224.12524993124404
2021-10-19T21:05:55.958476,250,270.0768962545307
2021-10-19T21:05:56.970922,299,281.3513636673435
2021-10-19T21:05:57.205764,263,307.2707528856385
2021-10-19T21:05:57.302288,268,258.44262953434986
2021-10-19T21:05:57.337117,298,237.17893594957553
2021-10-19T21:05:57.426675,540,-98.3580596163929
2021-10-19T21:05:57.541112,225,273.9928416761992
2021-10-19T21:05:57.780929,312,281.0412240365524
2021-10-19T21:05:57.915268,237,232.8802627185205
2021-10-19T21:05:58.609849,382,280.9903066900881
2021-10-19T21:05:58.868575,239,238.68099818270224
2021-10-19T21:05:58.967089,144,28.478426027207547
2021-10-19T21:05:59.010872,216,252.21045328167764
2021-10-19T21:05:59.011868,244,282.00062932303797
2021-10-19T21:05:59.030775,304,290.5117567248531
2021-10-19T21:05:59.034755,270,264.96091102983564
2021-10-19T21:06:00.253750,265,311.97376931704935
2021-10-19T21:06:00.511480,203,251.29418006654504
2021-10-19T21:06:00.580142,319,287.8124902275593
2021-10-19T21:06:00.637858,233,240.40508172121827
2021-10-19T21:06:00.686617,240,318.9631982445634
2021-10-19T21:06:00.719455,288,282.7946768255311
2021-10-19T21:06:00.728410,251,247.2593200816502
2021-10-19T21:06:01.087644,139,22.68111893385469
2021-10-19T21:06:01.174218,373,205.58536486866223
2021-10-19T21:06:01.207055,224,290.38071436894234
2021-10-19T21:06:02.164345,221,250.8653510272216
2021-10-19T21:06:02.304655,224,225.76889802646352
2021-10-19T21:06:02.347443,246,259.9416108850363
2021-10-19T21:06:02.498698,262,262.28186361091946
2021-10-19T21:06:02.722594,207,232.23047110696498
2021-10-19T21:06:02.811158,236,286.857992300286
2021-10-19T21:06:03.637094,210,276.6600554793239
2021-10-19T21:06:03.671922,405,-64.34276767644259
2021-10-19T21:06:03.696798,186,244.491411451532
2021-10-19T21:06:04.005279,278,302.8669603916619
2021-10-19T21:06:04.109764,256,276.3476195560108
2021-10-19T21:06:04.206289,455,230.42142548427975
2021-10-19T21:06:04.217234,134,27.271239300615505
2021-10-19T21:06:04.296843,242,232.43595655207577
2021-10-19T21:06:04.317740,226,236.53937389522002
2021-10-19T21:06:04.344607,171,-3.6343235887541425
2021-10-19T21:06:05.770584,217,229.5552335665302
2021-10-19T21:06:05.954676,310,255.51324153668065
2021-10-19T21:06:06.070107,435,236.77065322071513
2021-10-19T21:06:06.108916,264,294.1081893909856
2021-10-19T21:06:06.171607,309,280.2773552700938
2021-10-19T21:06:06.294003,313,307.51766468880646
2021-10-19T21:06:06.373615,338,268.8175976283697
2021-10-19T21:06:07.297064,212,244.58219034058186
2021-10-19T21:06:07.405529,195,280.5182020447702
2021-10-19T21:06:07.608529,207,-45.561751230339496
2021-10-19T21:06:07.665248,540,186.78237186152361
2021-10-19T21:06:07.838399,217,1.7729582056430502
2021-10-19T21:06:07.843376,198,251.4988165912465
2021-10-19T21:06:07.865265,252,242.424051163684
2021-10-19T21:06:07.928952,290,248.94675573572977
2021-10-19T21:06:08.932012,218,253.84128688686778
2021-10-19T21:06:09.073315,190,281.7173582952649
2021-10-19T21:06:09.129041,216,287.46244077382124
2021-10-19T21:06:09.257409,325,270.04301093668425
2021-10-19T21:06:09.331046,210,291.08562892472094
2021-10-19T21:06:09.342987,219,38.888875597021865
2021-10-19T21:06:09.346968,219,308.58029515155573
2021-10-19T21:06:09.384781,209,262.3570521474852
2021-10-19T21:06:10.440586,125,20.80119549206971
2021-10-19T21:06:10.541091,220,274.82507255942164
2021-10-19T21:06:10.591841,164,4.331002841918533
2021-10-19T21:06:10.602786,270,284.9874120977738
2021-10-19T21:06:10.770958,269,272.8255460828456
2021-10-19T21:06:10.906291,269,280.1503079031787
2021-10-19T21:06:10.950075,262,322.33743829351454
2021-10-19T21:06:10.955051,249,264.0917066617918
2021-10-19T21:06:11.005800,123,48.03719675040034
2021-10-19T21:06:11.047593,118,58.32998079733207
2021-10-19T21:06:11.223726,121,50.03985564267833
2021-10-19T21:06:11.259550,219,246.05044239237716
2021-10-19T21:06:12.059609,118,62.64343462520628
2021-10-19T21:06:12.275550,284,264.68196095882774
2021-10-19T21:06:12.401927,221,284.8504400417729
2021-10-19T21:06:12.413868,198,216.87566021468768
2021-10-19T21:06:12.448698,246,242.75814729810614
2021-10-19T21:06:12.613883,275,251.28585744570904
2021-10-19T21:06:12.665627,214,19.803505417887322
2021-10-19T21:06:12.829818,144,21.522294982089292
2021-10-19T21:06:13.630873,250,294.42773578523486
2021-10-19T21:06:14.031900,196,268.0460601900484
2021-10-19T21:06:14.040857,402,245.43107650389632
2021-10-19T21:06:14.106533,281,231.36893797443577
2021-10-19T21:06:14.233905,202,233.71266328574654
2021-10-19T21:06:14.299582,328,187.11370364118196
2021-10-19T21:06:15.172282,384,226.50787449775945
2021-10-19T21:06:15.748443,225,277.85447957416625
2021-10-19T21:06:15.892732,413,280.2107516502028
2021-10-19T21:06:16.010238,323,249.88310916680862
2021-10-19T21:06:16.023173,554,213.37147473181977
2021-10-19T21:06:16.086861,360,282.60899394878606
2021-10-19T21:06:16.129650,369,270.36770829524386
2021-10-19T21:06:16.162487,312,287.99326531284566
2021-10-19T21:06:17.155596,349,287.78259592900315
2021-10-19T21:06:17.418304,232,245.51312588101072
2021-10-19T21:06:17.508858,287,286.0969377266653
2021-10-19T21:06:17.537716,225,62.16362940735371
2021-10-19T21:06:17.562592,215,267.47893100567126
2021-10-19T21:06:17.617323,217,53.64512153603704
2021-10-19T21:06:17.688969,226,271.9215239446736
2021-10-19T21:06:17.777534,288,271.83900778873044
2021-10-19T21:06:18.707954,133,50.17369205375803
2021-10-19T21:06:18.939812,202,281.95177519927495
2021-10-19T21:06:18.997528,224,267.5444404007387
2021-10-19T21:06:19.147786,345,238.8472289923118
2021-10-19T21:06:19.174654,246,295.38979163287524
2021-10-19T21:06:19.331882,269,289.3691368965177
2021-10-19T21:06:20.301108,334,289.5452607561492
2021-10-19T21:06:20.382706,276,251.50626862959274
2021-10-19T21:06:20.487192,225,284.7276208634481
2021-10-19T21:06:20.560829,488,267.7938232957351
2021-10-19T21:06:20.675265,234,263.5410018927214
2021-10-19T21:06:20.699147,233,251.44018231392803
2021-10-19T21:06:20.775769,316,263.0560550937076
2021-10-19T21:06:20.897172,133,18.021796713503576
2021-10-19T21:06:21.001656,269,284.8923958184238
2021-10-19T21:06:21.911178,207,268.54437631381404
2021-10-19T21:06:21.921127,258,252.44814427992657
2021-10-19T21:06:22.046509,193,241.32547989208595
2021-10-19T21:06:22.283343,284,274.1594900428398
2021-10-19T21:06:22.315186,256,262.89450536736666
2021-10-19T21:06:22.460470,270,269.6634315286515
2021-10-19T21:06:23.290385,190,285.333871587768
2021-10-19T21:06:23.303323,191,250.38998249040034
2021-10-19T21:06:23.632699,242,245.28216886480715
2021-10-19T21:06:23.779974,417,227.57850721593093
2021-10-19T21:06:23.838685,225,244.69642598365357
2021-10-19T21:06:24.016806,276,239.4575277266196
2021-10-19T21:06:24.029743,450,150.97313163719005
2021-10-19T21:06:24.101389,254,313.695778244891
2021-10-19T21:06:24.915377,249,262.537608380891
2021-10-19T21:06:25.268893,221,227.43387783903705
2021-10-19T21:06:25.287800,264,308.36573730733664
2021-10-19T21:06:25.385319,237,263.9503231995636
2021-10-19T21:06:25.415172,201,249.07624105765655
2021-10-19T21:06:25.415172,383,239.42180626116178
2021-10-19T21:06:25.614192,249,303.1400112851753
2021-10-19T21:06:25.691810,203,264.9121120585379
2021-10-19T21:06:25.802266,138,1.637206600387998
2021-10-19T21:06:26.676956,345,-186.31453607194013
2021-10-19T21:06:26.834184,236,277.67135978612066
2021-10-19T21:06:26.910805,232,245.93326618292429
2021-10-19T21:06:27.002355,250,269.0093025943254
2021-10-19T21:06:27.125747,211,289.0626008529373
2021-10-19T21:06:27.257099,268,271.4448587098751
2021-10-19T21:06:27.299889,126,48.10801694489538
2021-10-19T21:06:27.480995,211,241.5917774631788
2021-10-19T21:06:28.122838,383,235.2407016731379
2021-10-19T21:06:28.223342,185,264.8402784421977
2021-10-19T21:06:28.360666,163,9.176228548332332
2021-10-19T21:06:28.372606,199,278.3715254306237
2021-10-19T21:06:28.448234,368,245.73400954620865
2021-10-19T21:06:28.835326,245,272.92397469035865
2021-10-19T21:06:28.902992,183,288.9049421201391
2021-10-19T21:06:28.910953,276,246.13808036905957
2021-10-19T21:06:28.928864,217,295.9359014946275
2021-10-19T21:06:29.743850,205,270.16362602381
2021-10-19T21:06:29.802561,223,269.94599381847945
2021-10-19T21:06:29.810522,202,271.4487511122834
2021-10-19T21:06:30.131938,377,220.24899664442256
2021-10-19T21:06:30.315037,227,255.13680511242117
2021-10-19T21:06:30.365786,220,284.76705935063717
2021-10-19T21:06:30.404595,232,231.65032389989886
2021-10-19T21:06:30.486192,177,294.2538621187622
2021-10-19T21:06:30.491168,247,294.35572017820806
2021-10-19T21:06:30.587693,219,252.05004857836863
2021-10-19T21:06:31.458407,271,284.67827111884935
2021-10-19T21:06:31.500201,200,275.964572634961
2021-10-19T21:06:31.709170,207,245.20548725561054
2021-10-19T21:06:31.838533,229,293.6126735072303
2021-10-19T21:06:31.879332,208,240.61840381567572
2021-10-19T21:06:32.023621,268,257.4226330185353
2021-10-19T21:06:32.224631,272,272.7759059438576
2021-10-19T21:06:32.985882,243,259.90044397871986
2021-10-19T21:06:33.310264,260,297.5969832229
2021-10-19T21:06:33.353053,236,246.59597266338824
2021-10-19T21:06:33.627699,503,249.23037839762873
2021-10-19T21:06:33.666509,265,276.706532284609
2021-10-19T21:06:33.689396,219,266.9828826395951
2021-10-19T21:06:34.670562,264,291.2438659350262
2021-10-19T21:06:34.741213,186,272.0342757901601
2021-10-19T21:06:34.869581,231,267.84573028578484
2021-10-19T21:06:34.989990,579,201.51175855493392
2021-10-19T21:06:35.251699,539,265.6517879053725
2021-10-19T21:06:36.165202,213,240.69753794162025
2021-10-19T21:06:36.241825,316,264.61359365455996
2021-10-19T21:06:36.337402,355,289.2360361604596
2021-10-19T21:06:36.429947,261,248.87807981346216
2021-10-19T21:06:36.478707,381,213.09197370229955
2021-10-19T21:06:36.548363,257,255.27808268384894
2021-10-19T21:06:36.801118,226,266.77545092299465
2021-10-19T21:06:37.141441,200,253.4059795829703
2021-10-19T21:06:37.823084,390,289.14538777549666
2021-10-19T21:06:37.847961,201,237.74020044268127
2021-10-19T21:06:37.954437,218,242.60767501969192
2021-10-19T21:06:38.105692,334,288.75136202677015
2021-10-19T21:06:38.123607,320,241.93508507497708
2021-10-19T21:06:38.179332,257,236.5940670408031
2021-10-19T21:06:38.457085,264,270.2390433293105
2021-10-19T21:06:38.518781,195,274.213551298248
2021-10-19T21:06:38.538683,108,34.15070268846094
2021-10-19T21:06:39.688020,228,277.8157414629337
2021-10-19T21:06:39.716878,314,291.3684369326336
2021-10-19T21:06:39.827333,249,269.260212994084
2021-10-19T21:06:39.960676,192,46.00852265174046
2021-10-19T21:06:39.992519,220,280.44557765441203
2021-10-19T21:06:40.124867,411,-83.95461286218224
2021-10-19T21:06:40.202484,260,286.1427160612559
2021-10-19T21:06:41.223586,504,196.67978600815275
2021-10-19T21:06:41.441511,222,255.4332997661533
2021-10-19T21:06:41.469375,290,301.2032277831739
2021-10-19T21:06:41.501218,194,246.20730970283321
2021-10-19T21:06:41.548983,317,252.08835778699967
2021-10-19T21:06:41.717155,284,252.06740238871214
2021-10-19T21:06:41.850496,359,186.43643683978377
2021-10-19T21:06:42.773949,340,252.86194182514836
2021-10-19T21:06:42.785890,169,31.748253138466907
2021-10-19T21:06:42.897341,214,261.7744671823085
2021-10-19T21:06:42.933164,216,302.9867178974176
2021-10-19T21:06:43.101336,326,293.94657003353257
2021-10-19T21:06:43.242704,237,291.15207634349247
2021-10-19T21:06:43.246683,204,232.5410398986781
2021-10-19T21:06:43.408883,324,200.51442804016526
2021-10-19T21:06:43.631786,227,271.6679060849866
2021-10-19T21:06:44.459862,248,257.3151843295177
2021-10-19T21:06:44.602477,313,296.6838442322728
2021-10-19T21:06:44.611434,276,251.63456765953302
2021-10-19T21:06:44.795527,241,248.57015855043107
2021-10-19T21:06:45.068182,214,258.37454148861946
2021-10-19T21:06:45.154755,183,237.0063693445746
2021-10-19T21:06:45.197545,387,251.04770609152826
2021-10-19T21:06:46.140897,243,245.53440645409134
2021-10-19T21:06:46.178710,400,-153.3120526851652
2021-10-19T21:06:46.242395,270,268.022004073526
2021-10-19T21:06:46.397630,185,282.66559465072
2021-10-19T21:06:46.625507,208,276.581476804361
2021-10-19T21:06:46.700420,334,215.16980700505655
2021-10-19T21:06:46.716343,242,266.0084876513421
2021-10-19T21:06:47.628848,206,265.82948106536725
2021-10-19T21:06:47.675617,202,222.7423945190635
2021-10-19T21:06:47.807966,259,262.662907306135
2021-10-19T21:06:48.036836,748,165.5887841809323
2021-10-19T21:06:48.112464,188,287.59225040188727
2021-10-19T21:06:48.172171,283,237.3904365770114
2021-10-19T21:06:48.267699,251,288.0048619006655
2021-10-19T21:06:48.363228,258,232.3956566596706
2021-10-19T21:06:48.454779,197,264.31538988719467
2021-10-19T21:06:48.514483,225,271.67941937241454
2021-10-19T21:06:49.276726,215,295.35380922794457
2021-10-19T21:06:49.469775,194,260.4342759160114
2021-10-19T21:06:49.764323,172,42.44344590925607
2021-10-19T21:06:49.855873,266,248.85232399632696
2021-10-19T21:06:49.923539,318,289.08688676014856
2021-10-19T21:06:50.033000,217,265.45383037401473
2021-10-19T21:06:50.886793,246,306.52812388049585
2021-10-19T21:06:51.123624,189,247.36389752016208
2021-10-19T21:06:51.188305,171,284.2349611302427
2021-10-19T21:06:51.196267,405,150.1903399157601
2021-10-19T21:06:51.351991,232,228.289307135127
2021-10-19T21:06:51.507226,512,223.4210128783154
2021-10-19T21:06:51.574892,372,213.6185110519007
2021-10-19T21:06:52.544125,255,265.8830455257933
2021-10-19T21:06:52.561041,322,288.36219005235137
2021-10-19T21:06:52.588905,184,256.26994293750954
2021-10-19T21:06:52.853840,270,261.6839323987566
2021-10-19T21:06:53.025992,213,254.33669762307298
2021-10-19T21:06:53.320541,195,244.13949902911838
2021-10-19T21:06:53.333476,373,-109.5475568350142
2021-10-19T21:06:53.421046,213,222.51468026749
2021-10-19T21:06:53.426021,225,240.59321666686378
2021-10-19T21:06:54.445967,389,228.7829925579535
2021-10-19T21:06:54.524579,206,292.67199979640225
2021-10-19T21:06:54.683793,281,304.4895724181225
2021-10-19T21:06:54.709666,165,260.5409806440699
2021-10-19T21:06:54.744495,177,242.277482533475
2021-10-19T21:06:54.786289,515,137.5491824404036
2021-10-19T21:06:54.939534,202,284.51393133024357
2021-10-19T21:06:55.198258,182,248.06398418379956
2021-10-19T21:06:55.951629,192,259.80199984649727
2021-10-19T21:06:56.122784,196,255.50122857506003
2021-10-19T21:06:56.340711,193,245.0632457196243
2021-10-19T21:06:56.422310,280,258.9305971870481
2021-10-19T21:06:56.547691,179,283.7837701010785
2021-10-19T21:06:56.567592,293,309.8533304550705
2021-10-19T21:06:56.680039,483,-103.08740743919324
2021-10-19T21:06:56.817365,182,264.56661004184446
2021-10-19T21:06:57.670163,189,264.2848856194134
2021-10-19T21:06:57.675137,433,192.8964983032777
2021-10-19T21:06:57.749770,307,222.71398979127395
2021-10-19T21:06:57.926898,196,254.15810803702888
2021-10-19T21:06:58.078151,208,280.0028740900687
2021-10-19T21:06:58.096063,176,268.40042309214687
2021-10-19T21:06:58.100043,281,296.72853409793913
2021-10-19T21:06:58.402553,200,280.202528703569
2021-10-19T21:06:59.115043,204,296.10445907195094
2021-10-19T21:06:59.151861,368,-70.69635539481091
2021-10-19T21:06:59.302120,161,53.80882169448563
2021-10-19T21:06:59.353866,220,296.38842946374433
2021-10-19T21:06:59.479248,211,273.05415323787514
2021-10-19T21:06:59.652451,166,250.9173446661206
2021-10-19T21:06:59.670363,257,293.1949493255488
2021-10-19T21:06:59.812662,174,25.456202739519156
2021-10-19T21:06:59.973868,228,284.11510254926793
2021-10-19T21:07:00.623666,458,177.67821448948956
2021-10-19T21:07:00.654515,193,305.4254274760915
2021-10-19T21:07:00.795817,215,261.33549118277347
2021-10-19T21:07:01.022702,239,250.1318153274146
2021-10-19T21:07:01.284412,265,279.8199270105887
2021-10-19T21:07:01.386908,197,278.8156902743955
2021-10-19T21:07:01.387902,204,286.00671520869093
2021-10-19T21:07:01.411785,254,274.04624374474844
2021-10-19T21:07:01.553089,226,297.45613921393306
2021-10-19T21:07:01.596873,200,298.7385923317067
2021-10-19T21:07:02.608890,174,253.17880693071882
2021-10-19T21:07:02.657649,447,246.8475638576943
2021-10-19T21:07:02.683522,169,259.16941990311517
2021-10-19T21:07:02.714369,275,289.5297164134724
2021-10-19T21:07:02.731286,175,275.95149637124996
2021-10-19T21:07:02.889506,184,280.74066787466484
2021-10-19T21:07:02.974091,196,222.03466298532135
2021-10-19T21:07:03.151217,286,299.47628100897293
2021-10-19T21:07:03.977149,180,240.53114331207672
2021-10-19T21:07:04.133381,194,261.7252268012654
2021-10-19T21:07:04.164228,209,269.94700573190465
2021-10-19T21:07:04.194081,198,280.1854411681999
2021-10-19T21:07:04.350310,177,276.61393104496585
2021-10-19T21:07:04.359267,200,276.66645349760665
2021-10-19T21:07:04.576197,298,301.6385632497418
2021-10-19T21:07:04.710534,223,268.1969738308252
2021-10-19T21:07:04.865771,171,275.5313723220139
2021-10-19T21:07:04.881693,183,252.9230594415636
