2020-08-29T16:58:08.080651,750,-21.0
2020-08-29T16:58:10.204074,855,-20.0
2020-08-29T16:58:10.469105,885,-20.0
2020-08-29T16:58:10.649046,904,-20.0
2020-08-29T16:58:10.785258,917,-21.0
2020-08-29T16:58:10.980636,939,-20.0
2020-08-29T16:58:11.097238,950,-19.0
2020-08-29T16:58:11.345113,978,-20.0
2020-08-29T16:58:20.903999,778,-21.0
2020-08-29T16:58:22.756701,830,-21.0
2020-08-29T16:58:23.032559,954,-21.0
2020-08-29T16:58:23.208860,1003,-20.0
2020-08-29T16:58:23.912954,1004,-20.0
2020-08-29T16:58:24.136793,1064,-20.0
2020-08-29T16:58:24.302282,1235,-19.0
2020-08-29T16:58:26.137690,1145,-20.0
2020-08-29T16:58:34.280753,823,-20.0
2020-08-29T16:58:34.583671,993,-20.0
2020-08-29T16:58:36.956432,1102,-19.0
2020-08-29T16:58:37.684576,1062,-19.0
2020-08-29T16:58:39.351214,1352,-17.0
2020-08-29T16:58:39.945670,1294,-19.0
2020-08-29T16:58:40.643905,1252,-18.0
2020-08-29T16:58:49.639489,1842,-14.0
2020-08-29T16:58:50.635867,946,-21.0
2020-08-29T16:58:50.814306,1278,-18.0
2020-08-29T16:58:50.918958,1253,-19.0
2020-08-29T16:58:51.160535,1139,-20.0
2020-08-29T16:58:53.521824,1194,-19.0
2020-08-29T16:58:56.006161,1141,-20.0
2020-08-29T16:58:59.488253,1505,-18.0
2020-08-29T16:59:07.072951,1256,-18.0
2020-08-29T16:59:07.304754,1421,-15.0
2020-08-29T16:59:10.136432,1498,-17.0
2020-08-29T16:59:10.721072,1541,-17.0
2020-08-29T16:59:12.994544,1644,-14.0
2020-08-29T16:59:16.839996,1670,-15.0
2020-08-29T16:59:18.935883,1933,-13.0
2020-08-29T16:59:19.229941,1533,-17.0
2020-08-29T16:59:27.250369,1374,-17.0
2020-08-29T16:59:28.880713,1625,-16.0
2020-08-29T16:59:29.347267,1705,-15.0
2020-08-29T16:59:35.733779,1904,-11.0
2020-08-29T16:59:39.900459,1713,-16.0
2020-08-29T16:59:40.355166,2199,-12.0
2020-08-29T16:59:40.418763,1880,-12.0
2020-08-29T16:59:42.504060,1841,-14.0
2020-08-29T16:59:48.700701,1604,-14.0
2020-08-29T16:59:51.744012,1724,-13.0
2020-08-29T16:59:52.899575,1920,-12.0
2020-08-29T17:00:02.374986,2096,-13.0
2020-08-29T17:00:05.868034,1955,-11.0
2020-08-29T17:00:08.504254,2123,-12.0
2020-08-29T17:00:09.258668,2113,-11.0
2020-08-29T17:00:15.048554,2688,-7.0
2020-08-29T17:00:15.574913,2118,-12.0
2020-08-29T17:00:21.772968,2358,-11.0
2020-08-29T17:00:25.189868,2488,-11.0
2020-08-29T17:00:32.043565,2319,-9.0
2020-08-29T17:00:32.871006,2133,-15.0
2020-08-29T17:00:34.977289,1971,-14.0
2020-08-29T17:00:38.670463,1800,-14.0
2020-08-29T17:00:47.818671,3058,-5.0
2020-08-29T17:00:53.936032,3011,-7.0
2020-08-29T17:00:55.469496,2401,-10.0
2020-08-29T17:01:00.796138,3026,-8.0
2020-08-29T17:01:08.887095,2902,-4.0
2020-08-29T17:01:10.481428,2847,-3.0
2020-08-29T17:01:14.301398,3064,3.0
2020-08-29T17:01:20.301296,3197,-2.0
2020-08-29T17:01:27.224176,3065,1.0
2020-08-29T17:01:28.047919,2162,15.0
2020-08-29T17:01:28.242580,2727,6.0
2020-08-29T17:01:30.687216,2687,10.0
2020-08-29T17:01:41.499115,2530,10.0
2020-08-29T17:01:41.611916,2499,12.0
2020-08-29T17:01:41.765488,2193,14.0
2020-08-29T17:01:41.889052,1766,18.0
2020-08-29T17:01:48.073637,1553,20.0
2020-08-29T17:01:54.933210,2132,13.0
2020-08-29T17:01:59.883181,2540,8.0
2020-08-29T17:02:01.470039,2464,11.0
2020-08-29T17:02:04.133073,1706,19.0
2020-08-29T17:02:07.540278,1999,13.0
2020-08-29T17:02:07.843546,2045,14.0
2020-08-29T17:02:08.171439,2057,13.0
2020-08-29T17:02:14.568864,2076,12.0
2020-08-29T17:02:26.276217,2057,13.0
2020-08-29T17:02:32.929965,2885,5.0
2020-08-29T17:02:33.084049,1917,16.0
2020-08-29T17:02:33.388885,1914,16.0
2020-08-29T17:02:33.512472,2266,9.0
2020-08-29T17:02:39.767738,2922,3.0
2020-08-29T17:02:42.595661,2672,-1.0
2020-08-29T17:02:44.427110,2327,11.0
2020-08-29T17:02:47.830238,1749,16.0
2020-08-29T17:02:56.980956,1830,18.0
2020-08-29T17:02:57.889062,2004,13.0
2020-08-29T17:03:00.360264,1622,19.0
2020-08-29T17:03:01.042009,2228,14.0
2020-08-29T17:03:06.494741,2568,9.0
2020-08-29T17:03:09.032865,1558,20.0
2020-08-29T17:03:09.296850,1857,14.0
2020-08-29T17:03:13.988082,2512,8.0
2020-08-29T17:03:20.357438,1743,17.0
2020-08-29T17:03:22.632125,1634,19.0
2020-08-29T17:03:23.418685,1811,-12.0
2020-08-29T17:03:28.687398,2438,5.0
2020-08-29T17:03:33.574950,1971,13.0
2020-08-29T17:03:35.686947,2109,12.0
2020-08-29T17:03:39.284788,1945,12.0
2020-08-29T17:03:41.927999,2750,4.0
2020-08-29T17:03:42.399553,1678,19.0
2020-08-29T17:03:42.477029,1553,20.0
2020-08-29T17:03:43.267006,1553,20.0
2020-08-29T17:03:50.066026,1747,18.0
2020-08-29T17:03:55.091756,1616,19.0
2020-08-29T17:03:59.089454,1855,16.0
2020-08-29T17:04:01.701465,1553,20.0
2020-08-29T17:04:01.788456,1736,18.0
2020-08-29T17:04:02.300552,1558,20.0
2020-08-29T17:04:04.728657,1613,20.0
2020-08-29T17:04:06.020350,1874,15.0
2020-08-29T17:04:11.634334,1622,19.0
2020-08-29T17:04:15.288176,1599,20.0
2020-08-29T17:04:19.182198,1588,19.0
2020-08-29T17:04:21.804822,1581,20.0
2020-08-29T17:04:24.271384,1675,18.0
2020-08-29T17:04:25.989482,1953,16.0
2020-08-29T17:04:28.449295,1892,13.0
2020-08-29T17:04:31.168037,1921,10.0
2020-08-29T17:04:35.432771,1902,14.0
2020-08-29T17:04:40.970927,1991,13.0
2020-08-29T17:04:41.468302,1715,17.0
2020-08-29T17:04:49.052601,2035,15.0
2020-08-29T17:04:51.353797,1613,20.0
2020-08-29T17:04:51.915804,2024,12.0
2020-08-29T17:04:54.613235,2053,9.0
2020-08-29T17:04:58.338627,2889,-1.0
2020-08-29T17:05:00.190105,1876,14.0
2020-08-29T17:05:04.471568,1870,16.0
2020-08-29T17:05:06.705042,1938,-13.0
2020-08-29T17:05:11.542215,1747,17.0
2020-08-29T17:05:14.291917,1553,20.0
2020-08-29T17:05:17.006081,1925,12.0
2020-08-29T17:05:20.933217,2332,10.0
2020-08-29T17:05:21.262305,1803,15.0
2020-08-29T17:05:24.137791,1933,15.0
2020-08-29T17:05:26.420341,1553,20.0
2020-08-29T17:05:30.240444,2006,12.0
2020-08-29T17:05:33.953260,1735,18.0
2020-08-29T17:05:36.433971,1701,18.0
2020-08-29T17:05:37.321148,1622,19.0
2020-08-29T17:05:41.011518,1553,20.0
2020-08-29T17:05:44.464184,1622,19.0
2020-08-29T17:05:46.693637,1997,14.0
2020-08-29T17:05:50.822867,1655,19.0
2020-08-29T17:05:52.764873,2071,13.0
2020-08-29T17:05:56.787188,1624,20.0
2020-08-29T17:06:03.045482,1998,15.0
2020-08-29T17:06:03.616028,2332,9.0
2020-08-29T17:06:04.222937,1553,20.0
2020-08-29T17:06:07.463136,1678,19.0
2020-08-29T17:06:10.801692,1581,20.0
2020-08-29T17:06:13.210138,1641,20.0
2020-08-29T17:06:13.944659,2590,5.0
2020-08-29T17:06:16.532284,1553,20.0
2020-08-29T17:06:23.864647,1683,18.0
2020-08-29T17:06:25.152056,1622,19.0
2020-08-29T17:06:29.117053,1893,15.0
2020-08-29T17:06:31.734090,1812,17.0
2020-08-29T17:06:33.103832,1712,18.0
2020-08-29T17:06:33.781630,1553,20.0
2020-08-29T17:06:36.356606,1553,20.0
2020-08-29T17:06:36.823456,1867,15.0
2020-08-29T17:06:46.490254,1749,17.0
2020-08-29T17:06:52.821145,1558,20.0
2020-08-29T17:06:52.897193,1903,15.0
2020-08-29T17:06:52.938885,2257,-10.0
2020-08-29T17:07:01.201326,1900,16.0
2020-08-29T17:07:01.784828,2140,9.0
2020-08-29T17:07:04.435574,2093,13.0
2020-08-29T17:07:08.413620,2908,1.0
2020-08-29T17:07:08.810407,1723,17.0
2020-08-29T17:07:12.959163,1586,20.0
2020-08-29T17:07:15.043554,1700,19.0
2020-08-29T17:07:17.610244,1859,16.0
2020-08-29T17:07:21.621339,1622,19.0
2020-08-29T17:07:21.879253,1581,20.0
2020-08-29T17:07:27.380681,1788,17.0
2020-08-29T17:07:28.268752,1553,20.0
2020-08-29T17:07:31.769278,1792,17.0
2020-08-29T17:07:33.958383,1553,20.0
2020-08-29T17:07:37.365013,1553,20.0
2020-08-29T17:07:40.722882,1989,16.0
2020-08-29T17:07:41.382042,1553,20.0
2020-08-29T17:07:43.820787,1676,17.0
2020-08-29T17:07:50.741200,1747,18.0
2020-08-29T17:07:51.513018,1553,20.0
2020-08-29T17:07:53.708341,1553,20.0
2020-08-29T17:07:57.143349,1553,20.0
2020-08-29T17:07:58.144634,2470,5.0
2020-08-29T17:08:00.513224,1553,20.0
2020-08-29T17:08:01.163461,1553,20.0
2020-08-29T17:08:04.348671,1646,19.0
2020-08-29T17:08:11.069305,1622,19.0
2020-08-29T17:08:11.277491,1553,20.0
2020-08-29T17:08:14.456959,1677,19.0
2020-08-29T17:08:16.887243,1553,20.0
2020-08-29T17:08:20.732737,1616,19.0
2020-08-29T17:08:23.077126,1679,18.0
2020-08-29T17:08:27.022081,1778,15.0
2020-08-29T17:08:31.141581,1579,21.0
2020-08-29T17:08:33.570601,2763,3.0
2020-08-29T17:08:36.535315,1553,20.0
2020-08-29T17:08:36.620701,1711,18.0
2020-08-29T17:08:37.570832,2095,10.0
2020-08-29T17:08:40.473699,1553,20.0
2020-08-29T17:08:43.374511,1622,19.0
2020-08-29T17:08:46.775247,1553,20.0
2020-08-29T17:08:50.976180,1553,20.0
2020-08-29T17:08:53.430852,1553,20.0
2020-08-29T17:08:56.398044,1553,20.0
2020-08-29T17:08:56.486220,1553,20.0
2020-08-29T17:08:57.421180,1553,20.0
2020-08-29T17:09:02.914995,1729,19.0
2020-08-29T17:09:06.571479,1553,20.0
2020-08-29T17:09:06.671588,1837,16.0
2020-08-29T17:09:16.110194,1553,20.0
2020-08-29T17:09:16.425360,1967,14.0
2020-08-29T17:09:17.080634,1553,20.0
2020-08-29T17:09:18.830520,1958,14.0
2020-08-29T17:09:22.639576,2065,12.0
2020-08-29T17:09:25.900657,1812,18.0
2020-08-29T17:09:26.951572,1622,19.0
2020-08-29T17:09:28.582992,1682,19.0
2020-08-29T17:09:39.041490,1769,17.0
2020-08-29T17:09:39.525655,1747,17.0
2020-08-29T17:09:39.735313,1706,18.0
2020-08-29T17:09:42.178734,2041,13.0
2020-08-29T17:09:44.973948,1734,19.0
2020-08-29T17:09:48.227595,1736,18.0
2020-08-29T17:09:52.200809,1906,15.0
2020-08-29T17:09:52.201508,1957,15.0
2020-08-29T17:09:58.711961,1553,20.0
2020-08-29T17:09:59.197750,1553,20.0
2020-08-29T17:09:59.420506,1553,20.0
2020-08-29T17:10:05.931998,1904,16.0
2020-08-29T17:10:07.965515,1553,20.0
2020-08-29T17:10:08.514826,1876,17.0
2020-08-29T17:10:11.977528,1553,20.0
2020-08-29T17:10:13.942513,1648,19.0
2020-08-29T17:10:21.553311,1710,19.0
2020-08-29T17:10:23.606134,1839,16.0
2020-08-29T17:10:25.119268,2084,15.0
2020-08-29T17:10:27.331212,1622,19.0
2020-08-29T17:10:27.635120,1553,20.0
2020-08-29T17:10:28.188860,1553,20.0
2020-08-29T17:10:33.619660,1553,20.0
2020-08-29T17:10:38.157001,2066,12.0
2020-08-29T17:10:43.290074,1553,20.0
2020-08-29T17:10:44.551162,1815,17.0
2020-08-29T17:10:44.827639,1553,20.0
2020-08-29T17:10:47.848662,1553,20.0
2020-08-29T17:10:49.736903,1702,18.0
2020-08-29T17:10:50.249633,1798,17.0
2020-08-29T17:10:56.603685,1815,16.0
2020-08-29T17:10:57.918873,1558,20.0
2020-08-29T17:11:03.023989,1553,20.0
2020-08-29T17:11:04.299029,1553,20.0
2020-08-29T17:11:06.302197,1622,19.0
2020-08-29T17:11:09.428117,1553,20.0
2020-08-29T17:11:09.878134,1689,18.0
2020-08-29T17:11:11.045165,1689,18.0
2020-08-29T17:11:17.598207,1553,20.0
2020-08-29T17:11:23.721715,2180,14.0
2020-08-29T17:11:24.231190,1741,17.0
2020-08-29T17:11:25.799757,1627,19.0
2020-08-29T17:11:29.151271,1797,16.0
2020-08-29T17:11:30.710129,1553,20.0
2020-08-29T17:11:32.222437,1787,16.0
2020-08-29T17:11:32.630742,1782,17.0
2020-08-29T17:11:40.058842,1746,18.0
2020-08-29T17:11:45.993999,1724,18.0
2020-08-29T17:11:46.463561,1720,17.0
2020-08-29T17:11:48.854505,1553,20.0
2020-08-29T17:11:50.410932,1553,20.0
2020-08-29T17:11:51.927403,1553,20.0
2020-08-29T17:11:52.379139,2107,13.0
2020-08-29T17:12:01.431519,2246,9.0
2020-08-29T17:12:02.996187,1811,17.0
2020-08-29T17:12:05.695522,1553,20.0
2020-08-29T17:12:08.302535,1668,19.0
2020-08-29T17:12:11.311593,1553,20.0
2020-08-29T17:12:11.624563,1553,20.0
2020-08-29T17:12:12.769833,1924,14.0
2020-08-29T17:12:13.031951,1669,18.0
2020-08-29T17:12:21.193432,1553,20.0
2020-08-29T17:12:22.745385,1553,20.0
2020-08-29T17:12:25.441409,1553,20.0
2020-08-29T17:12:31.889452,1667,19.0
2020-08-29T17:12:34.560799,1642,19.0
2020-08-29T17:12:35.392173,2171,11.0
2020-08-29T17:12:41.481215,2230,11.0
2020-08-29T17:12:42.159806,2452,7.0
2020-08-29T17:12:44.267722,1822,15.0
2020-08-29T17:12:45.176251,1553,20.0
2020-08-29T17:12:50.796335,2141,10.0
2020-08-29T17:12:52.224741,1622,19.0
2020-08-29T17:12:54.344466,1553,20.0
2020-08-29T17:12:57.138479,1648,19.0
2020-08-29T17:13:01.255697,1553,20.0
2020-08-29T17:13:03.961128,1657,18.0
2020-08-29T17:13:05.445450,1729,17.0
2020-08-29T17:13:11.507323,1674,18.0
2020-08-29T17:13:11.971998,1553,20.0
2020-08-29T17:13:15.066290,1676,17.0
2020-08-29T17:13:16.680151,2416,6.0
2020-08-29T17:13:16.877743,1553,20.0
2020-08-29T17:13:23.639618,1553,20.0
2020-08-29T17:13:26.330790,1553,20.0
2020-08-29T17:13:26.720855,1967,12.0
2020-08-29T17:13:33.136484,1578,21.0
2020-08-29T17:13:34.011602,1741,18.0
2020-08-29T17:13:36.281313,1582,20.0
2020-08-29T17:13:36.464191,1553,20.0
2020-08-29T17:13:36.655273,1553,20.0
2020-08-29T17:13:44.612194,1700,19.0
2020-08-29T17:13:46.593008,1616,19.0
2020-08-29T17:13:47.032570,1622,19.0
2020-08-29T17:13:53.676162,1553,20.0
2020-08-29T17:13:54.215315,1726,16.0
2020-08-29T17:13:56.110897,1553,20.0
2020-08-29T17:13:56.531285,1622,19.0
2020-08-29T17:14:03.379999,2137,11.0
2020-08-29T17:14:06.815372,1717,18.0
2020-08-29T17:14:10.733657,1905,16.0
2020-08-29T17:14:13.844472,2192,12.0
2020-08-29T17:14:15.827582,1553,20.0
2020-08-29T17:14:15.971008,1719,17.0
2020-08-29T17:14:19.112311,1895,15.0
2020-08-29T17:14:19.219194,1769,18.0
2020-08-29T17:14:25.548391,1703,18.0
2020-08-29T17:14:26.594004,1553,20.0
2020-08-29T17:14:33.586389,1553,20.0
2020-08-29T17:14:36.100744,1622,19.0
2020-08-29T17:14:38.362410,1737,16.0
2020-08-29T17:14:39.462726,1622,19.0
2020-08-29T17:14:41.606489,2333,7.0
2020-08-29T17:14:44.925523,2010,11.0
2020-08-29T17:14:45.787614,1616,19.0
2020-08-29T17:14:46.542617,1581,20.0
2020-08-29T17:14:54.530197,1553,20.0
2020-08-29T17:14:55.873924,1553,20.0
2020-08-29T17:15:01.594685,1593,21.0
2020-08-29T17:15:02.678411,1840,16.0
2020-08-29T17:15:04.733859,2080,13.0
2020-08-29T17:15:04.809356,1572,20.0
2020-08-29T17:15:05.523450,1553,20.0
2020-08-29T17:15:08.649763,1699,19.0
2020-08-29T17:15:14.232884,1553,20.0
2020-08-29T17:15:15.774015,1579,21.0
2020-08-29T17:15:24.376693,1553,20.0
2020-08-29T17:15:24.459018,1664,19.0
2020-08-29T17:15:25.622012,1938,16.0
2020-08-29T17:15:27.308642,1754,19.0
2020-08-29T17:15:27.385790,1673,19.0
2020-08-29T17:15:28.348975,1553,20.0
2020-08-29T17:15:38.159268,1747,17.0
2020-08-29T17:15:38.511098,1979,15.0
2020-08-29T17:15:44.061443,1553,20.0
2020-08-29T17:15:46.744673,1729,18.0
2020-08-29T17:15:46.838146,1595,20.0
2020-08-29T17:15:50.620890,1858,16.0
2020-08-29T17:15:50.901483,1765,17.0
2020-08-29T17:15:51.032538,1897,15.0
2020-08-29T17:15:57.845231,1553,20.0
2020-08-29T17:15:58.196517,1553,20.0
2020-08-29T17:16:03.760690,1553,20.0
2020-08-29T17:16:07.852100,1731,18.0
2020-08-29T17:16:08.162468,1758,18.0
2020-08-29T17:16:10.307877,1553,20.0
2020-08-29T17:16:11.156591,1610,19.0
2020-08-29T17:16:21.053638,1833,15.0
2020-08-29T17:16:21.289628,1818,18.0
2020-08-29T17:16:26.693222,1798,17.0
2020-08-29T17:16:27.297371,2880,5.0
2020-08-29T17:16:32.870635,1906,18.0
2020-08-29T17:16:35.945025,1884,16.0
2020-08-29T17:16:37.227688,2260,11.0
2020-08-29T17:16:37.461317,2170,11.0
2020-08-29T17:16:42.751964,1622,19.0
2020-08-29T17:16:43.234564,1704,17.0
2020-08-29T17:16:46.474260,1553,20.0
2020-08-29T17:16:48.833311,1622,19.0
2020-08-29T17:16:52.663701,1553,20.0
2020-08-29T17:16:58.831120,1793,17.0
2020-08-29T17:16:59.445035,1682,19.0
2020-08-29T17:16:59.591584,1723,18.0
2020-08-29T17:17:02.558061,1553,20.0
2020-08-29T17:17:05.394246,1700,19.0
2020-08-29T17:17:08.451610,1680,18.0
2020-08-29T17:17:08.594810,1553,20.0
2020-08-29T17:17:15.328876,1772,16.0
2020-08-29T17:17:21.282729,1674,18.0
2020-08-29T17:17:25.390366,1801,16.0
2020-08-29T17:17:28.009732,2196,11.0
2020-08-29T17:17:31.044046,2512,6.0
2020-08-29T17:17:31.682952,2081,14.0
2020-08-29T17:17:32.523273,1954,13.0
2020-08-29T17:17:34.380405,2020,12.0
2020-08-29T17:17:40.955641,1553,20.0
2020-08-29T17:17:44.153352,2249,14.0
2020-08-29T17:17:45.069645,1553,20.0
2020-08-29T17:17:48.657741,1677,19.0
2020-08-29T17:17:51.471898,1649,19.0
2020-08-29T17:17:54.588890,1622,19.0
2020-08-29T17:17:54.823064,1832,17.0
2020-08-29T17:17:58.233226,2000,15.0
2020-08-29T17:18:00.707905,1553,20.0
2020-08-29T17:18:04.737292,1553,20.0
2020-08-29T17:18:07.126890,1816,18.0
2020-08-29T17:18:10.025660,1622,19.0
2020-08-29T17:18:14.409881,1595,20.0
2020-08-29T17:18:14.918831,1892,16.0
2020-08-29T17:18:17.607364,1819,15.0
2020-08-29T17:18:20.252553,1731,18.0
2020-08-29T17:18:21.446324,1720,18.0
2020-08-29T17:18:27.482852,1670,19.0
2020-08-29T17:18:27.755722,1853,17.0
2020-08-29T17:18:29.508421,1553,20.0
2020-08-29T17:18:33.935627,1553,20.0
2020-08-29T17:18:37.099568,1553,20.0
2020-08-29T17:18:39.053882,1836,17.0
2020-08-29T17:18:42.669253,1622,19.0
2020-08-29T17:18:44.071854,1945,14.0
2020-08-29T17:18:48.989505,1553,20.0
2020-08-29T17:18:52.297732,1907,15.0
2020-08-29T17:18:53.535668,1553,20.0
2020-08-29T17:18:53.873362,2070,14.0
2020-08-29T17:18:56.742059,1553,20.0
2020-08-29T17:18:59.772681,1691,18.0
2020-08-29T17:19:03.174310,1664,19.0
2020-08-29T17:19:08.669200,1884,15.0
2020-08-29T17:19:11.600219,1782,17.0
2020-08-29T17:19:12.291575,1613,20.0
2020-08-29T17:19:15.281870,1644,19.0
2020-08-29T17:19:19.191140,1779,17.0
2020-08-29T17:19:21.788545,2206,12.0
2020-08-29T17:19:26.301248,2144,13.0
2020-08-29T17:19:28.542656,1998,16.0
2020-08-29T17:19:31.362396,1808,17.0
2020-08-29T17:19:34.255354,1806,18.0
2020-08-29T17:19:34.999527,1588,19.0
2020-08-29T17:19:40.918871,2263,8.0
2020-08-29T17:19:41.123340,1715,18.0
2020-08-29T17:19:44.647280,1833,16.0
2020-08-29T17:19:48.561395,1622,19.0
2020-08-29T17:19:53.311323,2055,15.0
2020-08-29T17:19:54.961495,1616,19.0
2020-08-29T17:19:57.091454,2042,14.0
2020-08-29T17:20:00.402659,1553,20.0
2020-08-29T17:20:00.756208,2137,16.0
2020-08-29T17:20:00.854955,1581,20.0
2020-08-29T17:20:04.162463,1553,20.0
2020-08-29T17:20:08.046100,1553,20.0
2020-08-29T17:20:14.403088,1553,20.0
2020-08-29T17:20:19.198400,2064,15.0
2020-08-29T17:20:20.174289,1859,15.0
2020-08-29T17:20:20.235242,1553,20.0
2020-08-29T17:20:23.457353,1850,17.0
2020-08-29T17:20:23.646489,1553,20.0
2020-08-29T17:20:26.885425,2078,14.0
2020-08-29T17:20:29.461432,1644,19.0
2020-08-29T17:20:38.692161,1553,20.0
2020-08-29T17:20:39.805103,1572,20.0
2020-08-29T17:20:40.260579,1622,19.0
2020-08-29T17:20:42.722125,2210,11.0
2020-08-29T17:20:43.119712,1553,20.0
2020-08-29T17:20:43.535162,1622,19.0
2020-08-29T17:20:48.987490,1558,20.0
2020-08-29T17:20:49.319090,1772,18.0
2020-08-29T17:20:58.182273,1553,20.0
2020-08-29T17:20:59.529864,1581,20.0
2020-08-29T17:21:01.487291,1622,19.0
2020-08-29T17:21:02.228923,1553,20.0
2020-08-29T17:21:03.008048,1553,20.0
2020-08-29T17:21:04.849455,1682,19.0
2020-08-29T17:21:08.493693,1553,20.0
2020-08-29T17:21:14.285930,1949,16.0
2020-08-29T17:21:17.675369,1553,20.0
2020-08-29T17:21:20.729648,1622,19.0
2020-08-29T17:21:20.959007,1553,20.0
2020-08-29T17:21:23.919251,1686,18.0
2020-08-29T17:21:24.194982,1622,19.0
2020-08-29T17:21:27.042680,1751,18.0
2020-08-29T17:21:30.194851,1691,18.0
2020-08-29T17:21:34.547412,1657,18.0
2020-08-29T17:21:43.182066,2015,16.0
2020-08-29T17:21:43.528583,1794,17.0
2020-08-29T17:21:43.760677,1846,17.0
2020-08-29T17:21:46.508609,1553,20.0
2020-08-29T17:21:46.668932,1781,17.0
2020-08-29T17:21:47.169369,1874,17.0
2020-08-29T17:21:54.157893,1968,15.0
2020-08-29T17:22:02.617046,1553,20.0
2020-08-29T17:22:02.972495,1553,20.0
2020-08-29T17:22:03.035076,2237,11.0
2020-08-29T17:22:06.805062,1642,19.0
2020-08-29T17:22:06.855715,1861,17.0
2020-08-29T17:22:11.991282,2013,16.0
2020-08-29T17:22:13.620454,1553,20.0
2020-08-29T17:22:15.274269,2195,13.0
2020-08-29T17:22:22.116310,1553,20.0
2020-08-29T17:22:22.993557,1614,20.0
2020-08-29T17:22:25.236952,1753,17.0
2020-08-29T17:22:26.312190,1553,20.0
2020-08-29T17:22:28.911286,1734,18.0
2020-08-29T17:22:32.487183,1685,18.0
2020-08-29T17:22:35.727468,1684,18.0
2020-08-29T17:22:36.131079,1789,20.0
2020-08-29T17:22:44.606898,1553,20.0
2020-08-29T17:22:45.523614,1799,18.0
2020-08-29T17:22:45.673213,1922,16.0
2020-08-29T17:22:45.749211,1553,20.0
2020-08-29T17:22:48.563838,1581,20.0
2020-08-29T17:22:55.520464,1553,20.0
2020-08-29T17:22:56.951666,1630,19.0
2020-08-29T17:23:00.190376,2146,14.0
2020-08-29T17:23:04.115372,1553,20.0
2020-08-29T17:23:05.023043,1553,20.0
2020-08-29T17:23:07.543215,1703,20.0
2020-08-29T17:23:11.597871,2054,13.0
2020-08-29T17:23:13.359955,1916,17.0
2020-08-29T17:23:15.125941,1553,20.0
2020-08-29T17:23:16.583370,1553,20.0
2020-08-29T17:23:20.063244,1581,20.0
2020-08-29T17:23:26.405512,1730,18.0
2020-08-29T17:23:26.529493,1630,19.0
2020-08-29T17:23:27.900892,1635,19.0
2020-08-29T17:23:34.156390,1765,17.0
2020-08-29T17:23:36.272140,1558,20.0
2020-08-29T17:23:39.175330,2021,15.0
2020-08-29T17:23:40.223647,1927,16.0
2020-08-29T17:23:43.136702,1829,17.0
2020-08-29T17:23:46.089577,1553,20.0
2020-08-29T17:23:46.701754,1615,19.0
2020-08-29T17:23:52.320955,1844,16.0
2020-08-29T17:23:55.988177,1553,20.0
2020-08-29T17:23:59.924450,1553,20.0
2020-08-29T17:24:00.218448,2038,15.0
2020-08-29T17:24:00.704265,1772,18.0
2020-08-29T17:24:02.896949,1553,20.0
2020-08-29T17:24:07.183208,1722,19.0
2020-08-29T17:24:09.716590,1813,15.0
2020-08-29T17:24:15.413423,1817,17.0
2020-08-29T17:24:19.940155,1553,20.0
2020-08-29T17:24:20.152037,1610,19.0
2020-08-29T17:24:20.388882,1976,16.0
2020-08-29T17:24:22.717706,1685,18.0
2020-08-29T17:24:24.968356,1691,18.0
2020-08-29T17:24:26.965485,1553,20.0
2020-08-29T17:24:30.099967,1629,19.0
2020-08-29T17:24:35.135439,1553,20.0
2020-08-29T17:24:41.240085,1553,20.0
2020-08-29T17:24:42.141631,1711,19.0
2020-08-29T17:24:42.614868,1744,18.0
2020-08-29T17:24:44.677719,1553,20.0
2020-08-29T17:24:48.121585,1960,16.0
2020-08-29T17:24:51.281763,1829,16.0
2020-08-29T17:24:52.516356,1741,18.0
2020-08-29T17:24:59.055003,1931,16.0
2020-08-29T17:25:02.283241,1553,20.0
2020-08-29T17:25:02.583573,1753,17.0
2020-08-29T17:25:04.185171,1691,18.0
2020-08-29T17:25:07.778617,1553,20.0
2020-08-29T17:25:09.106988,1997,14.0
2020-08-29T17:25:12.154998,1553,20.0
2020-08-29T17:25:18.666822,1553,20.0
2020-08-29T17:25:21.385448,2411,12.0
2020-08-29T17:25:21.962794,1558,20.0
2020-08-29T17:25:23.788595,1553,20.0
2020-08-29T17:25:27.189188,1876,16.0
2020-08-29T17:25:30.404090,1779,17.0
2020-08-29T17:25:30.404228,1613,20.0
2020-08-29T17:25:31.808892,1553,20.0
2020-08-29T17:25:40.043860,1620,19.0
2020-08-29T17:25:44.747481,1723,19.0
2020-08-29T17:25:46.536307,1943,13.0
2020-08-29T17:25:47.693435,2015,15.0
2020-08-29T17:25:53.115847,1616,19.0
2020-08-29T17:25:53.270154,2056,17.0
2020-08-29T17:25:57.164030,2142,12.0
2020-08-29T17:25:59.717092,1553,20.0
2020-08-29T17:26:02.899004,2558,8.0
2020-08-29T17:26:05.924570,1588,19.0
2020-08-29T17:26:07.031306,1651,18.0
2020-08-29T17:26:09.272218,1636,20.0
2020-08-29T17:26:12.946204,1553,20.0
2020-08-29T17:26:16.006407,1799,18.0
2020-08-29T17:26:19.430090,1553,20.0
2020-08-29T17:26:20.075607,1801,17.0
2020-08-29T17:26:22.632220,1553,20.0
2020-08-29T17:26:25.635579,1553,20.0
2020-08-29T17:26:30.204060,1710,19.0
2020-08-29T17:26:32.644622,1553,20.0
2020-08-29T17:26:35.694312,1553,20.0
2020-08-29T17:26:37.124413,2400,8.0
2020-08-29T17:26:39.740892,1553,20.0
2020-08-29T17:26:42.764949,1613,20.0
2020-08-29T17:26:46.231653,2144,13.0
2020-08-29T17:26:51.503408,1613,20.0
2020-08-29T17:26:56.446829,2499,8.0
2020-08-29T17:26:58.607287,1814,18.0
2020-08-29T17:26:58.709618,2053,13.0
2020-08-29T17:27:01.960658,1901,17.0
2020-08-29T17:27:02.616902,1803,16.0
2020-08-29T17:27:05.579638,1793,17.0
2020-08-29T17:27:08.397009,1710,18.0
2020-08-29T17:27:12.669325,1732,19.0
2020-08-29T17:27:16.159612,1553,20.0
2020-08-29T17:27:19.085001,1640,19.0
2020-08-29T17:27:19.393316,1684,18.0
2020-08-29T17:27:21.658096,1553,20.0
2020-08-29T17:27:22.316494,1553,20.0
2020-08-29T17:27:25.267431,1553,20.0
2020-08-29T17:27:32.298857,1553,20.0
2020-08-29T17:27:34.414628,2051,12.0
2020-08-29T17:27:37.012953,1553,20.0
2020-08-29T17:27:39.034147,1553,20.0
2020-08-29T17:27:42.032519,1641,20.0
2020-08-29T17:27:44.149750,1922,17.0
2020-08-29T17:27:44.750282,1747,18.0
2020-08-29T17:27:44.968987,1553,20.0
2020-08-29T17:27:54.225031,1677,19.0
2020-08-29T17:27:57.652710,1839,17.0
2020-08-29T17:27:58.258268,1739,17.0
2020-08-29T17:28:00.223649,1582,20.0
2020-08-29T17:28:04.149302,1581,20.0
2020-08-29T17:28:04.530698,1553,20.0
2020-08-29T17:28:04.815636,1771,18.0
2020-08-29T17:28:09.779547,1886,15.0
2020-08-29T17:28:16.411214,1706,18.0
2020-08-29T17:28:17.422119,1553,20.0
2020-08-29T17:28:23.308251,1825,16.0
2020-08-29T17:28:24.471494,1634,19.0
2020-08-29T17:28:29.936893,2443,8.0
2020-08-29T17:28:30.159636,1997,14.0
2020-08-29T17:28:34.335301,2334,13.0
2020-08-29T17:28:36.582668,2139,13.0
2020-08-29T17:28:39.169376,1781,16.0
2020-08-29T17:28:42.821194,1963,16.0
2020-08-29T17:28:45.926399,1763,17.0
2020-08-29T17:28:49.807757,1955,14.0
2020-08-29T17:28:55.543374,1588,19.0
2020-08-29T17:28:56.272575,2046,14.0
2020-08-29T17:28:56.344655,1553,20.0
2020-08-29T17:28:58.747874,2226,13.0
2020-08-29T17:29:02.690362,1872,15.0
2020-08-29T17:29:05.690449,1553,20.0
2020-08-29T17:29:12.154075,2295,11.0
2020-08-29T17:29:15.726024,2018,15.0
2020-08-29T17:29:16.405747,1595,20.0
2020-08-29T17:29:18.478588,1553,20.0
2020-08-29T17:29:18.570653,1717,18.0
2020-08-29T17:29:19.222154,1884,16.0
2020-08-29T17:29:23.223140,1648,19.0
2020-08-29T17:29:33.246742,2228,13.0
2020-08-29T17:29:38.142265,1553,20.0
2020-08-29T17:29:38.195108,2040,14.0
2020-08-29T17:29:39.368843,1613,20.0
2020-08-29T17:29:42.180505,2090,13.0
2020-08-29T17:29:43.107359,2123,12.0
2020-08-29T17:29:45.667706,1746,17.0
2020-08-29T17:29:48.745522,2405,7.0
2020-08-29T17:29:59.100565,1712,18.0
2020-08-29T17:30:01.470663,2171,13.0
2020-08-29T17:30:01.632533,1727,18.0
2020-08-29T17:30:03.975044,1553,20.0
2020-08-29T17:30:04.866010,2124,14.0
2020-08-29T17:30:05.739686,1883,15.0
2020-08-29T17:30:08.352070,1545,21.0
2020-08-29T17:30:10.571872,1902,16.0
2020-08-29T17:30:21.151693,1553,20.0
2020-08-29T17:30:22.033324,1643,20.0
2020-08-29T17:30:24.233120,1623,20.0
2020-08-29T17:30:24.561378,1553,20.0
2020-08-29T17:30:27.052900,2122,13.0
2020-08-29T17:30:27.721491,1687,19.0
2020-08-29T17:30:30.112318,1659,18.0
2020-08-29T17:30:31.253355,1674,20.0
2020-08-29T17:30:41.720818,1553,20.0
2020-08-29T17:30:43.907228,1553,20.0
2020-08-29T17:30:46.312804,1663,19.0
2020-08-29T17:30:47.385776,1553,20.0
2020-08-29T17:30:48.290242,1744,18.0
2020-08-29T17:30:53.150308,2480,9.0
2020-08-29T17:30:53.789186,1762,17.0
2020-08-29T17:30:54.396678,1976,14.0
2020-08-29T17:31:02.856211,1581,20.0
2020-08-29T17:31:07.450959,1736,19.0
2020-08-29T17:31:09.136727,1553,20.0
2020-08-29T17:31:09.309471,1961,17.0
2020-08-29T17:31:09.789326,1739,18.0
2020-08-29T17:31:15.609872,1671,19.0
2020-08-29T17:31:16.574677,1865,15.0
2020-08-29T17:31:26.169104,2463,10.0
2020-08-29T17:31:29.016095,1553,20.0
2020-08-29T17:31:29.129435,1641,20.0
2020-08-29T17:31:30.674747,1701,19.0
2020-08-29T17:31:33.939331,2514,8.0
2020-08-29T17:31:36.297700,1553,20.0
2020-08-29T17:31:36.460714,2192,11.0
2020-08-29T17:31:41.706492,2044,15.0
2020-08-29T17:31:45.908636,1553,20.0
2020-08-29T17:31:53.058858,1745,18.0
2020-08-29T17:31:55.096347,2053,16.0
2020-08-29T17:31:55.995263,2151,16.0
2020-08-29T17:31:56.106859,1553,20.0
2020-08-29T17:31:58.520140,1861,18.0
2020-08-29T17:31:59.327373,1816,18.0
2020-08-29T17:32:01.423144,1553,20.0
2020-08-29T17:32:05.661502,1558,20.0
2020-08-29T17:32:15.285364,1614,20.0
2020-08-29T17:32:18.540802,1974,16.0
2020-08-29T17:32:20.969715,1903,15.0
2020-08-29T17:32:22.308168,1822,17.0
2020-08-29T17:32:24.816771,2241,11.0
2020-08-29T17:32:26.005654,2020,14.0
2020-08-29T17:32:30.621920,2506,10.0
2020-08-29T17:32:32.392141,2137,14.0
2020-08-29T17:32:41.063921,2017,15.0
2020-08-29T17:32:41.356593,1793,16.0
2020-08-29T17:32:43.889182,1641,20.0
2020-08-29T17:32:43.942539,1809,16.0
2020-08-29T17:32:45.004868,1613,20.0
2020-08-29T17:32:50.471315,1852,16.0
2020-08-29T17:32:54.574032,1936,14.0
2020-08-29T17:32:57.165291,1890,13.0
2020-08-29T17:33:01.262773,1616,19.0
2020-08-29T17:33:03.568186,1553,20.0
2020-08-29T17:33:04.651019,1853,17.0
2020-08-29T17:33:06.397252,1616,19.0
2020-08-29T17:33:10.650629,2132,13.0
2020-08-29T17:33:16.371932,2031,13.0
2020-08-29T17:33:17.783360,1669,18.0
2020-08-29T17:33:19.468589,1900,16.0
2020-08-29T17:33:22.701865,1616,19.0
2020-08-29T17:33:23.947393,1631,19.0
2020-08-29T17:33:27.044971,1675,18.0
2020-08-29T17:33:27.698910,1815,17.0
2020-08-29T17:33:30.683202,1595,20.0
2020-08-29T17:33:37.719513,1756,17.0
2020-08-29T17:33:39.816083,1693,18.0
2020-08-29T17:33:42.407581,1553,20.0
2020-08-29T17:33:43.128638,1892,18.0
2020-08-29T17:33:43.678576,1553,20.0
2020-08-29T17:33:50.347657,1770,17.0
2020-08-29T17:33:53.153961,2048,15.0
2020-08-29T17:33:59.558260,1668,19.0
2020-08-29T17:34:02.381333,1760,19.0
2020-08-29T17:34:02.567575,2469,9.0
2020-08-29T17:34:02.838349,1553,20.0
2020-08-29T17:34:03.805297,1758,18.0
2020-08-29T17:34:05.527240,1669,18.0
2020-08-29T17:34:12.933808,1563,20.0
2020-08-29T17:34:15.562111,1939,15.0
2020-08-29T17:34:19.306769,1553,20.0
2020-08-29T17:34:22.135321,1553,20.0
2020-08-29T17:34:22.849893,1590,20.0
2020-08-29T17:34:25.517763,1653,19.0
2020-08-29T17:34:25.817142,1836,17.0
2020-08-29T17:34:28.491423,1804,17.0
2020-08-29T17:34:32.692736,1553,20.0
2020-08-29T17:34:35.311443,1553,20.0
2020-08-29T17:34:39.192628,1573,20.0
2020-08-29T17:34:42.788707,1669,18.0
2020-08-29T17:34:45.005823,1708,18.0
2020-08-29T17:34:45.248847,1553,20.0
2020-08-29T17:34:45.544280,1553,20.0
2020-08-29T17:34:48.240712,1558,20.0
2020-08-29T17:34:52.516735,1563,20.0
2020-08-29T17:34:55.044064,1553,20.0
2020-08-29T17:34:58.920373,1553,20.0
2020-08-29T17:35:04.056627,1595,20.0
2020-08-29T17:35:04.817909,1563,20.0
2020-08-29T17:35:04.982364,1553,20.0
2020-08-29T17:35:07.145255,1638,20.0
2020-08-29T17:35:07.967933,1553,20.0
2020-08-29T17:35:12.204197,1553,20.0
2020-08-29T17:35:18.261043,1843,17.0
2020-08-29T17:35:20.370665,1620,19.0
2020-08-29T17:35:23.747632,1553,20.0
2020-08-29T17:35:27.255758,1748,18.0
2020-08-29T17:35:27.681500,1563,20.0
2020-08-29T17:35:28.034853,1705,18.0
2020-08-29T17:35:28.137155,1834,16.0
2020-08-29T17:35:33.872848,1650,20.0
2020-08-29T17:35:40.770827,1643,19.0
2020-08-29T17:35:41.109167,1795,18.0
2020-08-29T17:35:43.475456,1553,20.0
2020-08-29T17:35:46.996392,1553,20.0
2020-08-29T17:35:47.844528,1553,20.0
2020-08-29T17:35:48.187341,1644,19.0
2020-08-29T17:35:56.599670,1782,17.0
2020-08-29T17:35:57.039891,2261,9.0
2020-08-29T17:36:00.481662,1553,20.0
2020-08-29T17:36:00.824136,1553,20.0
2020-08-29T17:36:03.180228,1553,20.0
2020-08-29T17:36:06.691210,1553,20.0
2020-08-29T17:36:10.393138,1724,17.0
2020-08-29T17:36:11.065049,1845,18.0
2020-08-29T17:36:16.287341,1553,20.0
2020-08-29T17:36:20.256160,1847,18.0
2020-08-29T17:36:20.494070,1553,20.0
2020-08-29T17:36:22.928577,1563,20.0
2020-08-29T17:36:23.807414,1852,15.0
2020-08-29T17:36:27.214586,1652,20.0
2020-08-29T17:36:32.040689,1642,20.0
2020-08-29T17:36:32.080796,1563,20.0
2020-08-29T17:36:36.465217,1610,20.0
2020-08-29T17:36:40.381110,1578,20.0
2020-08-29T17:36:41.997424,1653,19.0
2020-08-29T17:36:42.874903,1581,20.0
2020-08-29T17:36:46.017172,1716,20.0
2020-08-29T17:36:46.904540,1553,20.0
2020-08-29T17:36:51.745602,1553,20.0
2020-08-29T17:36:52.132688,1596,20.0
2020-08-29T17:36:58.375386,1673,19.0
2020-08-29T17:37:02.294472,1625,19.0
2020-08-29T17:37:04.636954,1663,19.0
2020-08-29T17:37:04.968051,1858,14.0
2020-08-29T17:37:05.728752,1553,20.0
2020-08-29T17:37:11.272164,1836,17.0
2020-08-29T17:37:11.948278,1613,20.0
2020-08-29T17:37:14.694222,1761,17.0
2020-08-29T17:37:18.142065,1563,20.0
2020-08-29T17:37:24.357819,1698,18.0
2020-08-29T17:37:25.693507,1678,19.0
2020-08-29T17:37:26.117869,1767,17.0
2020-08-29T17:37:28.267319,1752,18.0
2020-08-29T17:37:31.674797,1553,20.0
2020-08-29T17:37:32.668148,1756,19.0
2020-08-29T17:37:35.689500,1706,18.0
2020-08-29T17:37:37.989709,1563,20.0
2020-08-29T17:37:44.819810,1643,19.0
2020-08-29T17:37:47.082054,1608,19.0
2020-08-29T17:37:48.934766,1788,17.0
2020-08-29T17:37:50.539342,1720,18.0
2020-08-29T17:37:51.489743,1563,20.0
2020-08-29T17:37:53.683850,1563,20.0
2020-08-29T17:37:57.576707,1677,18.0
2020-08-29T17:37:58.068408,1598,21.0
2020-08-29T17:38:04.553097,1553,20.0
2020-08-29T17:38:06.839871,1553,20.0
2020-08-29T17:38:11.469359,1589,21.0
2020-08-29T17:38:11.544505,1712,19.0
2020-08-29T17:38:11.577039,1761,18.0
2020-08-29T17:38:14.274882,1660,18.0
2020-08-29T17:38:17.323792,1553,20.0
2020-08-29T17:38:17.891214,1563,20.0
2020-08-29T17:38:24.375876,1563,20.0
2020-08-29T17:38:27.994012,1735,17.0
2020-08-29T17:38:31.266174,1563,20.0
2020-08-29T17:38:32.666657,1579,21.0
2020-08-29T17:38:33.984367,1553,20.0
2020-08-29T17:38:36.884276,1950,16.0
2020-08-29T17:38:37.068054,1553,20.0
2020-08-29T17:38:37.629830,1553,20.0
2020-08-29T17:38:44.105379,1553,20.0
2020-08-29T17:38:47.731964,1553,20.0
2020-08-29T17:38:52.435893,1581,20.0
2020-08-29T17:38:52.983050,1625,19.0
2020-08-29T17:38:56.105591,1701,20.0
2020-08-29T17:38:57.082128,1589,21.0
2020-08-29T17:38:57.146318,1614,20.0
2020-08-29T17:38:59.344763,1651,20.0
2020-08-29T17:39:03.831897,1553,20.0
2020-08-29T17:39:08.725548,1563,20.0
2020-08-29T17:39:12.741546,1563,20.0
2020-08-29T17:39:15.598272,1834,17.0
2020-08-29T17:39:15.939484,1571,20.0
2020-08-29T17:39:18.600660,1635,19.0
2020-08-29T17:39:19.093566,1563,20.0
2020-08-29T17:39:19.264998,1707,18.0
2020-08-29T17:39:23.614072,1563,20.0
2020-08-29T17:39:28.404601,1553,20.0
2020-08-29T17:39:32.679344,1588,19.0
2020-08-29T17:39:35.265011,1553,20.0
2020-08-29T17:39:36.123136,1618,20.0
2020-08-29T17:39:38.921100,1634,21.0
2020-08-29T17:39:39.141953,1601,20.0
2020-08-29T17:39:41.504597,1724,18.0
2020-08-29T17:39:44.705171,1581,20.0
2020-08-29T17:39:49.020725,1670,20.0
2020-08-29T17:39:52.388680,1553,20.0
2020-08-29T17:39:55.094414,1568,20.0
2020-08-29T17:39:58.362927,1720,18.0
2020-08-29T17:39:58.917397,1588,21.0
2020-08-29T17:40:01.025053,1673,19.0
2020-08-29T17:40:01.225501,1553,20.0
2020-08-29T17:40:05.320931,1660,20.0
2020-08-29T17:40:09.149825,1598,19.0
2020-08-29T17:40:14.880959,1744,20.0
2020-08-29T17:40:15.396606,1620,19.0
2020-08-29T17:40:18.903383,1650,20.0
2020-08-29T17:40:21.012434,1695,19.0
2020-08-29T17:40:21.331971,1600,20.0
2020-08-29T17:40:21.379740,1625,19.0
2020-08-29T17:40:25.608975,1625,19.0
2020-08-29T17:40:30.865063,1653,19.0
2020-08-29T17:40:34.693073,1563,20.0
2020-08-29T17:40:35.292499,1573,20.0
2020-08-29T17:40:39.920012,1563,20.0
2020-08-29T17:40:41.036126,1590,21.0
2020-08-29T17:40:41.532021,1613,20.0
2020-08-29T17:40:44.538647,1835,19.0
2020-08-29T17:40:46.979857,1609,20.0
2020-08-29T17:40:51.141764,1623,20.0
2020-08-29T17:40:56.717796,1689,18.0
2020-08-29T17:40:59.682236,1553,20.0
2020-08-29T17:41:00.367658,1913,17.0
2020-08-29T17:41:01.113203,1588,20.0
2020-08-29T17:41:04.066605,1745,19.0
2020-08-29T17:41:06.300537,1648,19.0
2020-08-29T17:41:07.810525,1681,18.0
2020-08-29T17:41:16.473870,1553,20.0
2020-08-29T17:41:17.256261,2042,15.0
2020-08-29T17:41:19.915265,1616,19.0
2020-08-29T17:41:20.752591,1635,19.0
2020-08-29T17:41:20.850818,1553,20.0
2020-08-29T17:41:25.780205,1651,20.0
2020-08-29T17:41:26.606826,1625,19.0
2020-08-29T17:41:27.544412,1553,20.0
2020-08-29T17:41:36.308559,1563,20.0
2020-08-29T17:41:37.025473,1553,20.0
2020-08-29T17:41:40.493060,1553,20.0
2020-08-29T17:41:43.121463,1723,19.0
2020-08-29T17:41:43.363368,1861,16.0
2020-08-29T17:41:45.510338,1553,20.0
2020-08-29T17:41:46.288677,1547,21.0
2020-08-29T17:41:48.551775,1563,20.0
2020-08-29T17:41:56.443113,1610,19.0
2020-08-29T17:41:56.867352,1573,20.0
2020-08-29T17:42:01.925629,1625,19.0
2020-08-29T17:42:02.813840,1553,20.0
2020-08-29T17:42:03.127968,1563,20.0
2020-08-29T17:42:05.853371,1635,19.0
2020-08-29T17:42:06.648953,1635,19.0
2020-08-29T17:42:09.859114,1754,16.0
2020-08-29T17:42:16.182338,1553,20.0
2020-08-29T17:42:16.599808,1553,20.0
2020-08-29T17:42:21.658416,1553,20.0
2020-08-29T17:42:22.538844,1553,20.0
2020-08-29T17:42:24.632432,1625,19.0
2020-08-29T17:42:26.361034,1553,20.0
2020-08-29T17:42:29.180049,1850,17.0
2020-08-29T17:42:29.591797,1553,20.0
2020-08-29T17:42:35.899250,1553,20.0
2020-08-29T17:42:37.510149,1553,20.0
2020-08-29T17:42:41.364432,1553,20.0
2020-08-29T17:42:44.353877,1668,19.0
2020-08-29T17:42:44.411848,1563,20.0
2020-08-29T17:42:48.320600,1687,19.0
2020-08-29T17:42:50.869375,1653,20.0
2020-08-29T17:42:51.550037,1686,19.0
2020-08-29T17:42:55.645837,1553,20.0
2020-08-29T17:42:58.315212,1685,19.0
2020-08-29T17:43:01.447062,1591,20.0
2020-08-29T17:43:04.252379,1563,20.0
2020-08-29T17:43:05.561494,1728,18.0
2020-08-29T17:43:08.226946,1563,20.0
2020-08-29T17:43:10.777345,1563,20.0
2020-08-29T17:43:13.497501,1668,19.0
2020-08-29T17:43:18.099683,1553,20.0
2020-08-29T17:43:18.671160,1802,17.0
2020-08-29T17:43:21.272260,1553,20.0
2020-08-29T17:43:26.552223,1553,20.0
2020-08-29T17:43:27.292180,1804,20.0
2020-08-29T17:43:28.155385,1571,20.0
2020-08-29T17:43:31.599583,1685,19.0
2020-08-29T17:43:33.951285,1641,20.0
2020-08-29T17:43:39.596245,1553,20.0
2020-08-29T17:43:39.901107,1657,20.0
2020-08-29T17:43:43.513319,1720,18.0
2020-08-29T17:43:47.131661,1658,19.0
2020-08-29T17:43:47.750494,1641,20.0
2020-08-29T17:43:50.607585,1742,18.0
2020-08-29T17:43:53.688726,1553,20.0
2020-08-29T17:43:54.329729,1772,18.0
2020-08-29T17:44:00.126150,1613,20.0
2020-08-29T17:44:00.170623,1651,20.0
2020-08-29T17:44:04.376634,1686,19.0
2020-08-29T17:44:09.016528,1596,20.0
2020-08-29T17:44:09.363746,1709,19.0
2020-08-29T17:44:10.353763,1553,20.0
2020-08-29T17:44:13.492445,1558,20.0
2020-08-29T17:44:14.157278,1563,20.0
2020-08-29T17:44:19.886145,1553,20.0
2020-08-29T17:44:20.088787,1573,20.0
2020-08-29T17:44:24.108757,1553,20.0
2020-08-29T17:44:28.872534,1568,20.0
2020-08-29T17:44:29.280189,1576,21.0
2020-08-29T17:44:30.098954,1553,20.0
2020-08-29T17:44:33.261108,1558,20.0
2020-08-29T17:44:33.896799,1553,20.0
2020-08-29T17:44:40.160801,1601,20.0
2020-08-29T17:44:41.940830,1693,20.0
2020-08-29T17:44:48.960314,1553,20.0
2020-08-29T17:44:49.367032,1943,16.0
2020-08-29T17:44:52.731301,1764,19.0
2020-08-29T17:44:53.028606,1553,20.0
2020-08-29T17:44:53.484626,2000,18.0
2020-08-29T17:44:55.471281,1625,19.0
2020-08-29T17:44:59.969149,1553,20.0
2020-08-29T17:45:02.726752,1678,20.0
2020-08-29T17:45:09.004465,1581,20.0
2020-08-29T17:45:09.893278,1643,19.0
2020-08-29T17:45:12.523142,1558,20.0
2020-08-29T17:45:14.480765,1563,20.0
2020-08-29T17:45:15.165533,1553,20.0
2020-08-29T17:45:15.751810,1771,17.0
2020-08-29T17:45:21.946285,1687,19.0
2020-08-29T17:45:25.832697,1825,18.0
2020-08-29T17:45:28.703147,1553,20.0
2020-08-29T17:45:31.263935,1613,20.0
2020-08-29T17:45:34.158044,1553,20.0
2020-08-29T17:45:34.404987,1673,20.0
2020-08-29T17:45:34.884964,1553,20.0
2020-08-29T17:45:37.619552,1673,20.0
2020-08-29T17:45:42.171779,1616,19.0
2020-08-29T17:45:45.600865,1563,20.0
2020-08-29T17:45:48.480542,1563,20.0
2020-08-29T17:45:51.739117,1649,18.0
2020-08-29T17:45:54.357968,1607,20.0
2020-08-29T17:45:54.450292,1588,21.0
2020-08-29T17:45:54.731242,1563,20.0
2020-08-29T17:46:00.474049,1793,17.0
2020-08-29T17:46:01.996507,1563,20.0
2020-08-29T17:46:06.710000,1573,20.0
2020-08-29T17:46:08.316769,1563,20.0
2020-08-29T17:46:11.621873,1572,20.0
2020-08-29T17:46:14.123309,1563,20.0
2020-08-29T17:46:14.472964,1563,20.0
2020-08-29T17:46:14.681765,1616,19.0
2020-08-29T17:46:20.795713,1626,19.0
2020-08-29T17:46:24.391647,1733,19.0
2020-08-29T17:46:26.494194,1553,20.0
2020-08-29T17:46:28.159582,1563,20.0
2020-08-29T17:46:34.506374,1636,19.0
2020-08-29T17:46:34.565667,1600,20.0
2020-08-29T17:46:36.162783,1626,19.0
2020-08-29T17:46:40.512576,2240,13.0
2020-08-29T17:46:41.078202,1625,19.0
2020-08-29T17:46:44.258712,1573,20.0
2020-08-29T17:46:46.418699,1581,20.0
2020-08-29T17:46:49.175653,1563,20.0
2020-08-29T17:46:54.313720,1553,20.0
2020-08-29T17:46:55.580065,1563,20.0
2020-08-29T17:46:56.016979,1563,20.0
2020-08-29T17:47:02.192078,1642,20.0
2020-08-29T17:47:03.194749,1696,17.0
2020-08-29T17:47:04.041762,1553,20.0
2020-08-29T17:47:06.555730,1598,21.0
2020-08-29T17:47:09.414395,1613,20.0
2020-08-29T17:47:15.256646,1553,20.0
2020-08-29T17:47:15.333255,1553,20.0
2020-08-29T17:47:18.873196,1793,17.0
2020-08-29T17:47:21.928722,1553,20.0
2020-08-29T17:47:22.925116,1553,20.0
2020-08-29T17:47:23.745985,1553,20.0
2020-08-29T17:47:28.779748,1720,18.0
2020-08-29T17:47:29.113884,1553,20.0
2020-08-29T17:47:34.968977,1553,20.0
2020-08-29T17:47:35.038325,1553,20.0
2020-08-29T17:47:39.150751,1625,19.0
2020-08-29T17:47:42.347158,1643,20.0
2020-08-29T17:47:44.554889,1643,18.0
2020-08-29T17:47:45.507241,1658,19.0
2020-08-29T17:47:48.502967,1553,20.0
2020-08-29T17:47:48.849425,1553,20.0
2020-08-29T17:47:54.696378,1553,20.0
2020-08-29T17:47:56.003967,1709,19.0
2020-08-29T17:47:58.882009,1553,20.0
2020-08-29T17:48:02.093539,1553,20.0
2020-08-29T17:48:04.296302,1553,20.0
2020-08-29T17:48:05.929496,1638,18.0
2020-08-29T17:48:08.296416,1553,20.0
2020-08-29T17:48:09.118010,1614,20.0
2020-08-29T17:48:15.044165,1625,19.0
2020-08-29T17:48:15.787360,1553,20.0
2020-08-29T17:48:18.695182,1558,20.0
2020-08-29T17:48:22.348392,1613,20.0
2020-08-29T17:48:24.915128,1659,19.0
2020-08-29T17:48:27.103512,1581,20.0
2020-08-29T17:48:28.025582,1553,20.0
2020-08-29T17:48:28.851226,1553,20.0
2020-08-29T17:48:35.531934,1553,20.0
2020-08-29T17:48:37.273316,1709,19.0
2020-08-29T17:48:40.921775,1712,18.0
2020-08-29T17:48:41.816065,1518,21.0
2020-08-29T17:48:48.055257,1703,18.0
2020-08-29T17:48:48.568081,1887,16.0
2020-08-29T17:48:51.060796,1714,19.0
2020-08-29T17:48:51.060943,1814,15.0
2020-08-29T17:48:56.970662,1553,20.0
2020-08-29T17:48:59.780832,1818,16.0
2020-08-29T17:49:01.600946,1563,20.0
2020-08-29T17:49:03.298609,1732,18.0
2020-08-29T17:49:07.765218,1553,20.0
2020-08-29T17:49:08.284874,1553,20.0
2020-08-29T17:49:10.799076,1553,20.0
2020-08-29T17:49:14.045666,1810,17.0
2020-08-29T17:49:17.663236,1671,19.0
2020-08-29T17:49:19.523920,1553,20.0
2020-08-29T17:49:21.371673,1553,20.0
2020-08-29T17:49:25.866806,1755,19.0
2020-08-29T17:49:29.207579,1553,20.0
2020-08-29T17:49:29.321093,1625,19.0
2020-08-29T17:49:30.541109,1553,20.0
2020-08-29T17:49:33.804938,1553,20.0
2020-08-29T17:49:37.476715,1562,21.0
2020-08-29T17:49:39.414153,1571,20.0
2020-08-29T17:49:42.294773,1553,20.0
2020-08-29T17:49:45.869471,1588,19.0
2020-08-29T17:49:49.150090,1581,20.0
2020-08-29T17:49:50.442675,1729,19.0
2020-08-29T17:49:53.325438,1785,19.0
2020-08-29T17:49:55.828799,1690,19.0
2020-08-29T17:49:57.214529,1553,20.0
2020-08-29T17:50:02.716578,1643,18.0
2020-08-29T17:50:03.324782,1923,17.0
2020-08-29T17:50:05.614759,1553,20.0
2020-08-29T17:50:08.906038,1553,20.0
2020-08-29T17:50:10.272023,1563,20.0
2020-08-29T17:50:15.273329,1683,19.0
2020-08-29T17:50:15.549363,1553,20.0
2020-08-29T17:50:18.774724,1633,20.0
2020-08-29T17:50:22.620851,1573,20.0
2020-08-29T17:50:25.404880,1698,18.0
2020-08-29T17:50:26.228473,1663,19.0
2020-08-29T17:50:29.173194,1619,20.0
2020-08-29T17:50:31.964348,1645,19.0
2020-08-29T17:50:35.279469,1581,20.0
2020-08-29T17:50:35.415542,1563,20.0
2020-08-29T17:50:40.977342,1708,18.0
2020-08-29T17:50:44.900274,1721,18.0
2020-08-29T17:50:47.709749,1723,19.0
2020-08-29T17:50:47.770352,1628,20.0
2020-08-29T17:50:49.089352,1573,20.0
2020-08-29T17:50:51.792462,1563,20.0
2020-08-29T17:50:55.034273,1553,20.0
2020-08-29T17:50:58.449005,1816,18.0
2020-08-29T17:51:01.347279,1631,20.0
2020-08-29T17:51:05.125280,1610,19.0
2020-08-29T17:51:07.479122,1553,20.0
2020-08-29T17:51:08.110099,1625,19.0
2020-08-29T17:51:10.803532,1650,18.0
2020-08-29T17:51:12.024837,1616,19.0
2020-08-29T17:51:15.675727,1668,19.0
2020-08-29T17:51:20.655172,1712,18.0
2020-08-29T17:51:21.095615,1553,20.0
2020-08-29T17:51:27.519239,1736,18.0
2020-08-29T17:51:28.353184,1695,19.0
2020-08-29T17:51:28.602885,1648,19.0
2020-08-29T17:51:30.624560,1563,20.0
2020-08-29T17:51:31.775643,1553,20.0
2020-08-29T17:51:37.668825,1686,19.0
2020-08-29T17:51:40.380472,1553,20.0
2020-08-29T17:51:41.121175,1591,20.0
2020-08-29T17:51:47.249274,1553,20.0
2020-08-29T17:51:50.095540,1627,20.0
2020-08-29T17:51:50.674846,1725,19.0
2020-08-29T17:51:51.465765,1690,17.0
2020-08-29T17:51:54.221132,1744,18.0
2020-08-29T17:51:57.405363,1553,20.0
2020-08-29T17:52:00.475888,1598,19.0
2020-08-29T17:52:00.867373,1553,20.0
2020-08-29T17:52:06.986250,1553,20.0
2020-08-29T17:52:10.645294,1653,19.0
2020-08-29T17:52:10.767108,1595,20.0
2020-08-29T17:52:13.222547,1655,18.0
2020-08-29T17:52:13.987979,1553,20.0
2020-08-29T17:52:19.013403,1633,20.0
2020-08-29T17:52:20.544046,1591,20.0
2020-08-29T17:52:20.704806,1563,20.0
2020-08-29T17:52:27.356416,1628,20.0
2020-08-29T17:52:32.131897,1623,20.0
2020-08-29T17:52:33.846630,1573,20.0
2020-08-29T17:52:35.278782,1693,18.0
2020-08-29T17:52:38.826266,1563,20.0
2020-08-29T17:52:39.824866,2260,6.0
2020-08-29T17:52:40.316032,1553,20.0
2020-08-29T17:52:40.473488,1553,20.0
2020-08-29T17:52:49.924733,1763,18.0
2020-08-29T17:52:51.951828,1563,20.0
2020-08-29T17:52:56.205156,1709,19.0
2020-08-29T17:52:56.739388,1800,16.0
2020-08-29T17:52:58.513906,1553,20.0
2020-08-29T17:52:59.516546,1553,20.0
2020-08-29T17:53:00.084783,1563,20.0
2020-08-29T17:53:00.167344,1553,20.0
2020-08-29T17:53:09.768095,1563,20.0
2020-08-29T17:53:12.269510,1625,19.0
2020-08-29T17:53:17.985868,1591,20.0
2020-08-29T17:53:18.346262,1563,20.0
2020-08-29T17:53:18.793092,1749,16.0
2020-08-29T17:53:19.294664,1553,20.0
2020-08-29T17:53:21.153412,1563,20.0
2020-08-29T17:53:21.429608,1588,19.0
2020-08-29T17:53:32.012145,1553,20.0
2020-08-29T17:53:32.243294,1739,18.0
2020-08-29T17:53:38.070894,1553,20.0
2020-08-29T17:53:38.767576,1678,19.0
2020-08-29T17:53:39.322525,1650,20.0
2020-08-29T17:53:40.991641,1646,19.0
2020-08-29T17:53:41.162512,1553,20.0
2020-08-29T17:53:41.245953,1592,20.0
2020-08-29T17:53:54.000294,1653,19.0
2020-08-29T17:53:54.788367,1772,18.0
2020-08-29T17:53:57.910130,1553,20.0
2020-08-29T17:53:58.759667,1573,20.0
2020-08-29T17:54:00.555954,1581,20.0
2020-08-29T17:54:00.887592,1545,21.0
2020-08-29T17:54:01.071316,1583,20.0
2020-08-29T17:54:01.135521,1563,20.0
2020-08-29T17:54:13.922219,1573,20.0
2020-08-29T17:54:15.047426,1615,20.0
2020-08-29T17:54:17.642842,1553,20.0
2020-08-29T17:54:18.496914,1553,20.0
2020-08-29T17:54:20.684960,1563,20.0
2020-08-29T17:54:20.795786,1553,20.0
2020-08-29T17:54:21.481601,1630,19.0
2020-08-29T17:54:21.604246,1705,17.0
2020-08-29T17:54:33.692718,1553,20.0
2020-08-29T17:54:37.123034,1693,19.0
2020-08-29T17:54:38.069500,1635,19.0
2020-08-29T17:54:41.283093,1553,20.0
2020-08-29T17:54:41.318413,1658,19.0
2020-08-29T17:54:41.357787,1782,19.0
2020-08-29T17:54:41.529712,1669,18.0
2020-08-29T17:54:43.273259,1648,19.0
2020-08-29T17:54:53.525109,1553,20.0
2020-08-29T17:54:57.508872,1626,19.0
2020-08-29T17:54:57.952236,1563,20.0
2020-08-29T17:55:03.047923,1650,20.0
2020-08-29T17:55:03.482793,1618,20.0
2020-08-29T17:55:04.296343,1797,15.0
2020-08-29T17:55:06.195139,1885,16.0
2020-08-29T17:55:09.022534,2065,15.0
2020-08-29T17:55:14.065462,1653,19.0
2020-08-29T17:55:17.544899,1583,20.0
2020-08-29T17:55:18.946766,1553,20.0
2020-08-29T17:55:22.920767,1563,20.0
2020-08-29T17:55:23.277464,1553,20.0
2020-08-29T17:55:25.937855,1635,19.0
2020-08-29T17:55:28.730900,1745,18.0
2020-08-29T17:55:29.246546,1605,20.0
2020-08-29T17:55:35.830501,1651,20.0
2020-08-29T17:55:38.566018,1563,20.0
2020-08-29T17:55:38.767478,1563,20.0
2020-08-29T17:55:42.949047,1591,20.0
2020-08-29T17:55:43.463936,1611,20.0
2020-08-29T17:55:45.659278,1553,20.0
2020-08-29T17:55:48.536613,1563,20.0
2020-08-29T17:55:48.965843,1553,20.0
2020-08-29T17:55:55.599017,1553,20.0
2020-08-29T17:55:58.989115,1616,19.0
2020-08-29T17:56:02.400621,1913,16.0
2020-08-29T17:56:02.693315,1553,20.0
2020-08-29T17:56:06.404884,1681,19.0
2020-08-29T17:56:08.139513,1868,16.0
2020-08-29T17:56:08.517280,1583,20.0
2020-08-29T17:56:14.460077,1974,14.0
2020-08-29T17:56:15.505196,1573,20.0
2020-08-29T17:56:18.925925,1573,20.0
2020-08-29T17:56:22.708780,1621,20.0
2020-08-29T17:56:24.691060,1683,20.0
2020-08-29T17:56:28.353023,1568,20.0
2020-08-29T17:56:28.848306,1735,18.0
2020-08-29T17:56:32.272574,1948,16.0
2020-08-29T17:56:34.760301,1618,20.0
2020-08-29T17:56:35.863773,1626,19.0
2020-08-29T17:56:39.332551,1626,19.0
2020-08-29T17:56:44.659743,1573,20.0
2020-08-29T17:56:44.997552,1706,19.0
2020-08-29T17:56:48.769957,1625,19.0
2020-08-29T17:56:49.183951,1615,19.0
2020-08-29T17:56:52.099292,1553,20.0
2020-08-29T17:56:55.424040,1660,18.0
2020-08-29T17:56:55.659584,1553,20.0
2020-08-29T17:57:01.470921,1686,19.0
2020-08-29T17:57:04.881989,1553,20.0
2020-08-29T17:57:05.378986,1649,20.0
2020-08-29T17:57:10.311399,1553,20.0
2020-08-29T17:57:10.607761,1636,20.0
2020-08-29T17:57:14.579168,1718,19.0
2020-08-29T17:57:15.398408,1553,20.0
2020-08-29T17:57:20.139334,1820,18.0
2020-08-29T17:57:23.435485,1671,18.0
2020-08-29T17:57:26.950195,1628,20.0
2020-08-29T17:57:27.475529,1750,16.0
2020-08-29T17:57:30.064583,1553,20.0
2020-08-29T17:57:30.354040,1553,20.0
2020-08-29T17:57:34.398396,1563,20.0
2020-08-29T17:57:36.402152,1563,20.0
2020-08-29T17:57:40.859301,1678,20.0
2020-08-29T17:57:43.230100,1563,20.0
2020-08-29T17:57:46.766479,1563,20.0
2020-08-29T17:57:47.736909,1618,20.0
2020-08-29T17:57:49.833087,1553,20.0
2020-08-29T17:57:50.126707,1553,20.0
2020-08-29T17:57:56.173159,1553,20.0
2020-08-29T17:57:56.207207,1652,19.0
2020-08-29T17:58:00.691987,1553,20.0
2020-08-29T17:58:03.511625,1608,20.0
2020-08-29T17:58:07.345670,1651,19.0
2020-08-29T17:58:09.339176,1625,19.0
2020-08-29T17:58:09.910031,1553,20.0
2020-08-29T17:58:12.630465,1775,18.0
2020-08-29T17:58:16.743411,1648,19.0
2020-08-29T17:58:16.962051,1673,19.0
2020-08-29T17:58:20.490046,1553,20.0
2020-08-29T17:58:25.730282,1707,19.0
2020-08-29T17:58:27.139486,1553,20.0
2020-08-29T17:58:29.434218,1595,20.0
2020-08-29T17:58:29.969387,1590,21.0
2020-08-29T17:58:32.756574,1598,19.0
2020-08-29T17:58:36.675972,1553,20.0
2020-08-29T17:58:36.954879,1609,20.0
2020-08-29T17:58:41.995865,1625,19.0
2020-08-29T17:58:45.540084,1563,20.0
2020-08-29T17:58:46.887395,1553,20.0
2020-08-29T17:58:49.690057,1618,20.0
2020-08-29T17:58:49.794190,1563,20.0
2020-08-29T17:58:54.911850,1704,17.0
2020-08-29T17:58:56.522625,1563,20.0
2020-08-29T17:58:56.720346,1553,20.0
2020-08-29T17:59:01.850510,1563,20.0
2020-08-29T17:59:06.091299,1651,20.0
2020-08-29T17:59:08.684843,1657,19.0
2020-08-29T17:59:09.469882,1553,20.0
2020-08-29T17:59:09.566459,1553,20.0
2020-08-29T17:59:14.889400,1573,20.0
2020-08-29T17:59:18.456728,1649,19.0
2020-08-29T17:59:19.807695,1837,19.0
2020-08-29T17:59:21.648948,1553,20.0
2020-08-29T17:59:26.170038,1588,19.0
2020-08-29T17:59:29.471194,1677,20.0
2020-08-29T17:59:31.105398,1625,19.0
2020-08-29T17:59:35.281143,1635,19.0
2020-08-29T17:59:35.497339,2025,14.0
2020-08-29T17:59:38.253746,1553,20.0
2020-08-29T17:59:40.798853,1553,20.0
2020-08-29T17:59:41.847770,1605,20.0
2020-08-29T17:59:48.165975,1677,20.0
2020-08-29T17:59:50.944934,1553,20.0
2020-08-29T17:59:51.399483,1659,19.0
2020-08-29T17:59:55.335972,1553,20.0
2020-08-29T17:59:57.439892,1685,19.0
2020-08-29T17:59:58.779618,1635,19.0
2020-08-29T18:00:01.242991,1625,19.0
2020-08-29T18:00:01.723537,1553,20.0
2020-08-29T18:00:08.593937,1623,18.0
2020-08-29T18:00:11.053097,1537,21.0
2020-08-29T18:00:11.308605,1619,20.0
2020-08-29T18:00:15.138221,1553,20.0
2020-08-29T18:00:17.071792,1533,21.0
2020-08-29T18:00:18.576648,1553,20.0
2020-08-29T18:00:21.241805,1581,20.0
2020-08-29T18:00:25.333102,1886,17.0
2020-08-29T18:00:28.341998,1553,20.0
2020-08-29T18:00:30.872740,1563,20.0
2020-08-29T18:00:31.042700,1553,20.0
2020-08-29T18:00:35.178729,1588,19.0
2020-08-29T18:00:37.407467,1626,19.0
2020-08-29T18:00:38.500761,1573,20.0
2020-08-29T18:00:43.407410,1701,19.0
2020-08-29T18:00:46.324308,1553,20.0
2020-08-29T18:00:50.388475,1687,18.0
2020-08-29T18:00:50.906631,1583,20.0
2020-08-29T18:00:51.210109,1601,20.0
2020-08-29T18:00:56.114702,1553,20.0
2020-08-29T18:00:57.372907,1581,20.0
2020-08-29T18:00:59.376470,1547,21.0
2020-08-29T18:01:04.281002,1698,19.0
2020-08-29T18:01:09.791495,1871,18.0
2020-08-29T18:01:12.414774,1628,20.0
2020-08-29T18:01:13.175277,1783,18.0
2020-08-29T18:01:15.764206,1855,19.0
2020-08-29T18:01:15.870530,1553,20.0
2020-08-29T18:01:17.273226,1573,20.0
2020-08-29T18:01:19.278622,1573,20.0
2020-08-29T18:01:24.032674,1553,20.0
2020-08-29T18:01:29.509524,1553,20.0
2020-08-29T18:01:32.213580,1563,20.0
2020-08-29T18:01:32.897060,1553,20.0
2020-08-29T18:01:35.544566,1553,20.0
2020-08-29T18:01:37.033774,1563,20.0
2020-08-29T18:01:39.352190,1601,20.0
2020-08-29T18:01:39.635141,1916,16.0
2020-08-29T18:01:45.330350,1602,20.0
2020-08-29T18:01:51.511401,1688,18.0
2020-08-29T18:01:52.540841,1543,21.0
2020-08-29T18:01:52.644331,1636,20.0
2020-08-29T18:01:55.749432,1608,21.0
2020-08-29T18:01:58.094398,1563,20.0
2020-08-29T18:02:01.532332,1706,19.0
2020-08-29T18:02:01.603013,1680,19.0
2020-08-29T18:02:05.190588,1563,20.0
2020-08-29T18:02:11.871808,1623,20.0
2020-08-29T18:02:12.436056,1553,20.0
2020-08-29T18:02:13.112479,1644,20.0
2020-08-29T18:02:15.573720,1553,20.0
2020-08-29T18:02:17.943870,1558,20.0
2020-08-29T18:02:21.585349,1581,20.0
2020-08-29T18:02:21.677300,1583,20.0
2020-08-29T18:02:25.074133,1563,20.0
2020-08-29T18:02:32.281400,1625,19.0
2020-08-29T18:02:32.752486,1616,19.0
2020-08-29T18:02:35.218286,1690,18.0
2020-08-29T18:02:35.876481,1616,19.0
2020-08-29T18:02:38.204055,1609,21.0
2020-08-29T18:02:41.526744,1563,20.0
2020-08-29T18:02:42.454596,1684,20.0
2020-08-29T18:02:45.009413,1568,20.0
2020-08-29T18:02:54.072914,1658,19.0
2020-08-29T18:02:54.215225,1616,19.0
2020-08-29T18:02:55.034823,1563,20.0
2020-08-29T18:02:55.629537,1553,20.0
2020-08-29T18:02:58.766003,1658,19.0
2020-08-29T18:03:01.712974,1611,20.0
2020-08-29T18:03:03.612440,1583,20.0
2020-08-29T18:03:07.992652,1815,18.0
2020-08-29T18:03:13.986448,1563,20.0
2020-08-29T18:03:15.252522,1616,19.0
2020-08-29T18:03:16.904691,1786,18.0
2020-08-29T18:03:18.079357,1746,19.0
2020-08-29T18:03:18.593131,1563,20.0
2020-08-29T18:03:21.545103,1563,20.0
2020-08-29T18:03:24.404946,1683,20.0
2020-08-29T18:03:27.840512,1563,20.0
2020-08-29T18:03:34.479198,1648,19.0
2020-08-29T18:03:36.963524,1598,19.0
2020-08-29T18:03:38.126150,1796,16.0
2020-08-29T18:03:39.519674,1558,20.0
2020-08-29T18:03:40.355261,1719,19.0
2020-08-29T18:03:43.175230,1643,19.0
2020-08-29T18:03:46.010610,1643,19.0
2020-08-29T18:03:47.565357,1556,21.0
2020-08-29T18:03:54.429206,1582,20.0
2020-08-29T18:03:57.749747,1686,19.0
2020-08-29T18:03:59.057789,1553,20.0
2020-08-29T18:03:59.253249,1553,20.0
2020-08-29T18:04:00.167653,1563,20.0
2020-08-29T18:04:03.246518,1596,20.0
2020-08-29T18:04:06.537502,1651,20.0
2020-08-29T18:04:10.309322,1779,17.0
2020-08-29T18:04:15.871813,1616,19.0
2020-08-29T18:04:18.863766,1563,20.0
2020-08-29T18:04:19.556890,1658,19.0
2020-08-29T18:04:19.900043,1553,20.0
2020-08-29T18:04:22.984993,1553,20.0
2020-08-29T18:04:25.651333,2080,16.0
2020-08-29T18:04:26.308966,1553,21.0
2020-08-29T18:04:30.143025,1563,20.0
2020-08-29T18:04:36.527702,1668,19.0
2020-08-29T18:04:38.760467,1563,20.0
2020-08-29T18:04:39.450538,1563,20.0
2020-08-29T18:04:40.147555,1608,20.0
2020-08-29T18:04:42.885265,1563,20.0
2020-08-29T18:04:48.141365,1737,19.0
2020-08-29T18:04:48.395375,1686,19.0
2020-08-29T18:04:49.996430,1553,20.0
2020-08-29T18:04:57.946896,1597,20.0
2020-08-29T18:04:58.757468,1581,20.0
2020-08-29T18:04:59.229374,1553,20.0
2020-08-29T18:05:01.694698,1628,20.0
2020-08-29T18:05:03.125512,1614,20.0
2020-08-29T18:05:08.694854,1624,20.0
2020-08-29T18:05:11.128878,1805,18.0
2020-08-29T18:05:12.341141,1730,18.0
2020-08-29T18:05:19.527829,1783,17.0
2020-08-29T18:05:21.320323,1755,20.0
2020-08-29T18:05:21.485154,1717,18.0
2020-08-29T18:05:24.157208,1739,20.0
2020-08-29T18:05:24.887894,1653,19.0
2020-08-29T18:05:29.043737,1626,20.0
2020-08-29T18:05:31.400573,1616,20.0
2020-08-29T18:05:34.108451,1652,20.0
2020-08-29T18:05:40.963160,1614,20.0
2020-08-29T18:05:41.236164,1573,20.0
2020-08-29T18:05:43.886132,1553,20.0
2020-08-29T18:05:43.967445,1741,20.0
2020-08-29T18:05:44.635745,1553,20.0
2020-08-29T18:05:48.762252,1554,21.0
2020-08-29T18:05:51.042963,1543,21.0
2020-08-29T18:05:53.981562,1573,20.0
2020-08-29T18:06:00.715370,1558,20.0
2020-08-29T18:06:01.745380,1652,19.0
2020-08-29T18:06:03.965518,1593,20.0
2020-08-29T18:06:04.487561,1573,20.0
2020-08-29T18:06:06.556370,1767,18.0
2020-08-29T18:06:08.525502,1553,20.0
2020-08-29T18:06:10.803099,1553,20.0
2020-08-29T18:06:13.924420,1573,20.0
2020-08-29T18:06:21.592770,1563,20.0
2020-08-29T18:06:23.403593,1759,18.0
2020-08-29T18:06:26.887181,1625,19.0
2020-08-29T18:06:27.816326,1843,16.0
2020-08-29T18:06:27.962809,1920,16.0
2020-08-29T18:06:29.693564,1573,20.0
2020-08-29T18:06:30.996337,1601,20.0
2020-08-29T18:06:33.762872,1559,21.0
2020-08-29T18:06:43.101009,1553,20.0
2020-08-29T18:06:43.343768,1651,20.0
2020-08-29T18:06:47.345204,1533,21.0
2020-08-29T18:06:47.389475,1648,18.0
2020-08-29T18:06:49.408441,1558,20.0
2020-08-29T18:06:50.751140,1785,19.0
2020-08-29T18:06:52.395938,1616,19.0
2020-08-29T18:06:56.301836,1755,17.0
2020-08-29T18:07:02.932491,1563,20.0
2020-08-29T18:07:06.422864,1821,16.0
2020-08-29T18:07:07.113483,1553,20.0
2020-08-29T18:07:07.201524,1563,20.0
2020-08-29T18:07:09.950279,1654,19.0
2020-08-29T18:07:10.486058,1553,20.0
2020-08-29T18:07:13.388375,1714,19.0
2020-08-29T18:07:16.523451,1620,19.0
2020-08-29T18:07:24.877768,1687,17.0
2020-08-29T18:07:26.109721,1553,21.0
2020-08-29T18:07:28.296458,1581,20.0
2020-08-29T18:07:28.600435,1625,19.0
2020-08-29T18:07:29.820428,1573,20.0
2020-08-29T18:07:31.963038,1626,19.0
2020-08-29T18:07:33.181269,1563,20.0
2020-08-29T18:07:38.504712,1685,19.0
2020-08-29T18:07:44.650973,1553,20.0
2020-08-29T18:07:46.171012,1591,20.0
2020-08-29T18:07:48.134572,1563,20.0
2020-08-29T18:07:49.658670,1563,20.0
2020-08-29T18:07:49.756345,1721,18.0
2020-08-29T18:07:51.931109,1573,20.0
2020-08-29T18:07:53.069536,1563,20.0
2020-08-29T18:07:58.443842,1573,20.0
2020-08-29T18:08:04.590438,1573,20.0
2020-08-29T18:08:05.814257,1533,21.0
2020-08-29T18:08:07.856520,1543,21.0
2020-08-29T18:08:10.739513,1563,20.0
2020-08-29T18:08:10.796331,1558,20.0
2020-08-29T18:08:11.812836,1563,20.0
2020-08-29T18:08:14.166537,1563,20.0
2020-08-29T18:08:21.105594,1760,17.0
2020-08-29T18:08:24.529167,1568,20.0
2020-08-29T18:08:25.510133,1537,21.0
2020-08-29T18:08:30.471842,1754,19.0
2020-08-29T18:08:30.964609,1608,20.0
2020-08-29T18:08:32.382838,1780,17.0
2020-08-29T18:08:33.653536,1663,19.0
2020-08-29T18:08:34.228312,1591,20.0
2020-08-29T18:08:41.112046,1586,21.0
2020-08-29T18:08:45.214595,1672,19.0
2020-08-29T18:08:45.313910,1563,20.0
2020-08-29T18:08:51.406195,1702,19.0
2020-08-29T18:08:51.831434,1693,19.0
2020-08-29T18:08:54.313284,1601,20.0
2020-08-29T18:08:54.616158,1711,19.0
2020-08-29T18:08:56.864616,1833,18.0
2020-08-29T18:09:00.827253,1547,21.0
2020-08-29T18:09:05.022588,1553,20.0
2020-08-29T18:09:05.059494,1563,20.0
2020-08-29T18:09:12.996128,1637,20.0
2020-08-29T18:09:13.270811,1618,20.0
2020-08-29T18:09:14.316684,1553,20.0
2020-08-29T18:09:14.541835,1613,20.0
2020-08-29T18:09:16.731262,1573,20.0
2020-08-29T18:09:22.712094,1676,19.0
2020-08-29T18:09:24.624755,1533,21.0
2020-08-29T18:09:26.814942,1653,19.0
2020-08-29T18:09:32.973364,1581,20.0
2020-08-29T18:09:33.723184,1642,20.0
2020-08-29T18:09:33.941965,1537,21.0
2020-08-29T18:09:34.289472,1553,20.0
2020-08-29T18:09:36.706751,1581,20.0
2020-08-29T18:09:42.954189,1614,20.0
2020-08-29T18:09:45.552290,1553,20.0
2020-08-29T18:09:46.559946,1553,20.0
2020-08-29T18:09:52.708933,1553,20.0
2020-08-29T18:09:53.471409,1553,20.0
2020-08-29T18:09:53.857120,1533,21.0
2020-08-29T18:09:55.531719,1630,19.0
2020-08-29T18:09:56.325634,1533,21.0
2020-08-29T18:10:03.551627,1657,19.0
2020-08-29T18:10:05.982738,1634,19.0
2020-08-29T18:10:06.255121,1543,21.0
2020-08-29T18:10:12.575974,1563,20.0
2020-08-29T18:10:13.420064,1573,20.0
2020-08-29T18:10:13.487634,1533,21.0
2020-08-29T18:10:15.320765,1553,20.0
2020-08-29T18:10:16.110297,1553,20.0
2020-08-29T18:10:25.129399,1625,19.0
2020-08-29T18:10:25.778990,1553,20.0
2020-08-29T18:10:26.045423,1553,20.0
2020-08-29T18:10:32.309059,1533,21.0
2020-08-29T18:10:33.238432,1543,21.0
2020-08-29T18:10:33.305787,1543,21.0
2020-08-29T18:10:35.713354,1616,19.0
2020-08-29T18:10:39.061698,1787,18.0
2020-08-29T18:10:45.712045,1563,20.0
2020-08-29T18:10:46.031424,1676,19.0
2020-08-29T18:10:46.411051,1613,20.0
2020-08-29T18:10:52.174202,1563,20.0
2020-08-29T18:10:54.479019,1582,20.0
2020-08-29T18:10:54.724388,1613,20.0
2020-08-29T18:10:55.341899,1533,21.0
2020-08-29T18:10:58.687899,1533,21.0
2020-08-29T18:11:05.932814,1606,20.0
2020-08-29T18:11:07.531210,1617,21.0
2020-08-29T18:11:08.034462,1632,20.0
2020-08-29T18:11:11.852154,1537,21.0
2020-08-29T18:11:15.116735,1658,20.0
2020-08-29T18:11:15.872626,1648,19.0
2020-08-29T18:11:15.987598,1733,18.0
2020-08-29T18:11:18.413377,1543,21.0
2020-08-29T18:11:25.750946,1563,20.0
2020-08-29T18:11:27.738680,1553,20.0
2020-08-29T18:11:30.510966,1808,17.0
2020-08-29T18:11:34.168609,1729,18.0
2020-08-29T18:11:34.765497,1543,21.0
2020-08-29T18:11:37.489594,1629,20.0
2020-08-29T18:11:38.571838,1772,19.0
2020-08-29T18:11:38.871726,1646,20.0
2020-08-29T18:11:45.362744,1533,21.0
2020-08-29T18:11:47.410977,1543,21.0
2020-08-29T18:11:50.195785,1543,21.0
2020-08-29T18:11:53.764995,1533,21.0
2020-08-29T18:11:54.517578,1553,20.0
2020-08-29T18:11:57.056691,1533,21.0
2020-08-29T18:11:58.136154,1533,21.0
2020-08-29T18:11:58.449606,1533,21.0
2020-08-29T18:12:06.857477,1625,19.0
2020-08-29T18:12:07.833400,1638,20.0
2020-08-29T18:12:09.867729,1543,21.0
2020-08-29T18:12:14.076562,1533,21.0
2020-08-29T18:12:14.477191,1670,20.0
2020-08-29T18:12:16.817663,1553,20.0
2020-08-29T18:12:20.541977,1737,20.0
2020-08-29T18:12:20.949540,1747,17.0
2020-08-29T18:12:26.504575,1537,21.0
2020-08-29T18:12:27.914375,1591,20.0
2020-08-29T18:12:29.990752,1598,20.0
2020-08-29T18:12:36.181581,1648,20.0
2020-08-29T18:12:36.418372,1533,21.0
2020-08-29T18:12:37.608189,1865,15.0
2020-08-29T18:12:40.191328,1533,21.0
2020-08-29T18:12:42.488222,1623,20.0
2020-08-29T18:12:46.168912,1537,21.0
2020-08-29T18:12:48.892514,1553,20.0
2020-08-29T18:12:50.481431,1642,20.0
2020-08-29T18:12:55.939171,1553,20.0
2020-08-29T18:12:56.012620,1533,21.0
2020-08-29T18:12:57.225811,1537,21.0
2020-08-29T18:13:00.352856,1605,20.0
2020-08-29T18:13:02.384029,1573,20.0
2020-08-29T18:13:05.795552,1543,21.0
2020-08-29T18:13:08.442907,1533,21.0
2020-08-29T18:13:11.758755,1596,20.0
2020-08-29T18:13:15.533201,1533,21.0
2020-08-29T18:13:15.607290,1533,21.0
2020-08-29T18:13:19.071016,1663,21.0
2020-08-29T18:13:19.970509,1533,21.0
2020-08-29T18:13:22.674301,1616,19.0
2020-08-29T18:13:25.431669,1533,21.0
2020-08-29T18:13:29.532367,1615,20.0
2020-08-29T18:13:33.529671,1699,20.0
2020-08-29T18:13:36.139191,1543,21.0
2020-08-29T18:13:39.379100,1800,18.0
2020-08-29T18:13:39.850750,1568,21.0
2020-08-29T18:13:42.179921,1596,20.0
2020-08-29T18:13:43.193276,1533,21.0
2020-08-29T18:13:46.118062,1553,21.0
2020-08-29T18:13:50.295978,1661,20.0
2020-08-29T18:13:55.447984,1653,19.0
2020-08-29T18:13:56.803517,1649,20.0
2020-08-29T18:13:59.676947,1553,20.0
2020-08-29T18:13:59.764405,1613,20.0
2020-08-29T18:14:02.481033,1613,20.0
2020-08-29T18:14:02.858454,1533,21.0
2020-08-29T18:14:06.302884,1597,20.0
2020-08-29T18:14:11.601124,1589,21.0
2020-08-29T18:14:15.231355,1553,20.0
2020-08-29T18:14:18.993384,1704,18.0
2020-08-29T18:14:19.321257,1533,21.0
2020-08-29T18:14:19.403351,1533,21.0
2020-08-29T18:14:22.549116,1543,21.0
2020-08-29T18:14:26.003198,1543,21.0
2020-08-29T18:14:26.436732,1915,15.0
2020-08-29T18:14:31.348765,1547,21.0
2020-08-29T18:14:34.985349,1553,20.0
2020-08-29T18:14:38.685166,1543,21.0
2020-08-29T18:14:39.000775,1533,21.0
2020-08-29T18:14:41.494891,1700,19.0
2020-08-29T18:14:42.259613,1543,21.0
2020-08-29T18:14:45.607267,1533,21.0
2020-08-29T18:14:47.743294,1596,20.0
2020-08-29T18:14:51.691898,1628,20.0
2020-08-29T18:14:54.626484,1538,21.0
2020-08-29T18:14:58.264635,1533,21.0
2020-08-29T18:14:58.560820,1533,21.0
2020-08-29T18:15:01.073486,1533,21.0
2020-08-29T18:15:04.240554,1683,20.0
2020-08-29T18:15:05.298294,1543,21.0
2020-08-29T18:15:07.445148,1543,21.0
2020-08-29T18:15:11.592548,1563,20.0
2020-08-29T18:15:14.368041,1543,21.0
2020-08-29T18:15:18.076278,1553,21.0
2020-08-29T18:15:18.218125,1533,21.0
2020-08-29T18:15:22.276407,1729,17.0
2020-08-29T18:15:24.031265,1553,21.0
2020-08-29T18:15:25.483723,1605,20.0
2020-08-29T18:15:27.832289,1633,20.0
2020-08-29T18:15:31.283695,1547,21.0
2020-08-29T18:15:34.013436,1543,21.0
2020-08-29T18:15:37.951271,1558,21.0
2020-08-29T18:15:38.593969,1650,19.0
2020-08-29T18:15:41.832109,1533,21.0
2020-08-29T18:15:44.028455,1590,20.0
2020-08-29T18:15:45.037636,1533,21.0
2020-08-29T18:15:50.225208,1739,19.0
2020-08-29T18:15:50.993611,1553,21.0
2020-08-29T18:15:56.163868,1707,18.0
2020-08-29T18:15:57.674777,1553,21.0
2020-08-29T18:15:58.159391,1533,21.0
2020-08-29T18:16:03.580628,1533,21.0
2020-08-29T18:16:04.659702,1789,17.0
2020-08-29T18:16:04.695804,1543,21.0
2020-08-29T18:16:10.282031,1596,20.0
2020-08-29T18:16:10.635156,1543,21.0
2020-08-29T18:16:15.749325,1533,21.0
2020-08-29T18:16:17.269957,1533,21.0
2020-08-29T18:16:17.756013,1533,21.0
2020-08-29T18:16:24.210811,1533,21.0
2020-08-29T18:16:25.839139,1713,19.0
2020-08-29T18:16:26.559913,1668,19.0
2020-08-29T18:16:29.905588,1533,21.0
2020-08-29T18:16:30.344524,1543,21.0
2020-08-29T18:16:35.928432,1605,20.0
2020-08-29T18:16:36.867748,1533,21.0
2020-08-29T18:16:37.431379,1543,21.0
2020-08-29T18:16:45.408499,1533,21.0
2020-08-29T18:16:45.870948,1634,20.0
2020-08-29T18:16:46.483283,1573,21.0
2020-08-29T18:16:49.918642,1533,21.0
2020-08-29T18:16:50.452206,1648,20.0
2020-08-29T18:16:55.524834,1533,21.0
2020-08-29T18:16:56.639244,1553,21.0
2020-08-29T18:16:57.051302,1533,21.0
2020-08-29T18:17:05.020446,1537,21.0
2020-08-29T18:17:06.035176,1533,21.0
2020-08-29T18:17:06.241638,1628,20.0
2020-08-29T18:17:09.588549,1543,21.0
2020-08-29T18:17:12.290122,1665,20.0
2020-08-29T18:17:15.120540,1533,21.0
2020-08-29T18:17:18.495471,1668,20.0
2020-08-29T18:17:18.915321,1669,19.0
2020-08-29T18:17:25.292827,1615,20.0
2020-08-29T18:17:25.724073,1543,21.0
2020-08-29T18:17:28.350613,1697,20.0
2020-08-29T18:17:31.965789,1730,19.0
2020-08-29T18:17:34.809871,1747,19.0
2020-08-29T18:17:35.692778,1654,19.0
2020-08-29T18:17:38.307695,1557,21.0
2020-08-29T18:17:38.798323,1566,21.0
2020-08-29T18:17:45.514046,1553,20.0
2020-08-29T18:17:47.416268,1688,19.0
2020-08-29T18:17:48.255579,1563,20.0
2020-08-29T18:17:51.835492,1557,21.0
2020-08-29T18:17:54.472222,1533,21.0
2020-08-29T18:17:55.558726,1557,21.0
2020-08-29T18:17:57.995850,1537,21.0
2020-08-29T18:17:58.449755,1533,21.0
2020-08-29T18:18:05.252946,1547,21.0
2020-08-29T18:18:07.143573,1547,21.0
2020-08-29T18:18:08.030198,1553,20.0
2020-08-29T18:18:11.605559,1557,21.0
2020-08-29T18:18:14.214452,1548,21.0
2020-08-29T18:18:17.604046,1537,21.0
2020-08-29T18:18:18.020013,1739,18.0
2020-08-29T18:18:18.053290,1533,21.0
2020-08-29T18:18:27.637537,1547,21.0
2020-08-29T18:18:27.972402,1693,19.0
2020-08-29T18:18:28.441034,1832,18.0
2020-08-29T18:18:31.921005,1620,20.0
2020-08-29T18:18:33.892883,1543,21.0
2020-08-29T18:18:37.839906,1609,20.0
2020-08-29T18:18:37.982567,1574,21.0
2020-08-29T18:18:38.255192,1605,20.0
2020-08-29T18:18:47.605389,1533,21.0
2020-08-29T18:18:49.938661,1619,20.0
2020-08-29T18:18:50.187522,1740,18.0
2020-08-29T18:18:52.776682,1542,21.0
2020-08-29T18:18:54.488709,1662,20.0
2020-08-29T18:18:57.436468,1537,21.0
2020-08-29T18:18:57.660475,1547,21.0
2020-08-29T18:18:57.849740,1537,21.0
2020-08-29T18:19:07.320516,1547,21.0
2020-08-29T18:19:10.411985,1641,20.0
2020-08-29T18:19:13.708914,1702,18.0
2020-08-29T18:19:14.098641,1918,16.0
2020-08-29T18:19:17.444719,1583,20.0
2020-08-29T18:19:20.175273,1749,18.0
2020-08-29T18:19:20.269667,1998,16.0
2020-08-29T18:19:23.689248,2013,15.0
2020-08-29T18:19:30.493789,1829,18.0
2020-08-29T18:19:30.610946,1605,20.0
2020-08-29T18:19:33.369331,1537,21.0
2020-08-29T18:19:33.825880,1547,21.0
2020-08-29T18:19:37.172997,1547,21.0
2020-08-29T18:19:42.500991,1721,18.0
2020-08-29T18:19:43.395884,1547,21.0
2020-08-29T18:19:45.139865,1887,17.0
2020-08-29T18:19:50.194865,1533,21.0
2020-08-29T18:19:51.931550,1609,20.0
2020-08-29T18:19:53.374766,1581,20.0
2020-08-29T18:19:56.960513,1823,17.0
2020-08-29T18:19:58.725982,1626,19.0
2020-08-29T18:20:02.314739,1557,21.0
2020-08-29T18:20:04.769796,1537,21.0
2020-08-29T18:20:05.264667,1660,18.0
2020-08-29T18:20:11.843994,1637,20.0
2020-08-29T18:20:13.021180,1541,21.0
2020-08-29T18:20:14.561555,1756,18.0
2020-08-29T18:20:16.593620,1537,21.0
2020-08-29T18:20:18.780219,1588,20.0
2020-08-29T18:20:23.008959,1669,20.0
2020-08-29T18:20:24.507186,1547,21.0
2020-08-29T18:20:24.919008,1537,21.0
2020-08-29T18:20:31.497930,1537,21.0
2020-08-29T18:20:32.684035,1537,21.0
2020-08-29T18:20:34.985666,1635,19.0
2020-08-29T18:20:38.018294,1609,20.0
2020-08-29T18:20:38.553079,1553,20.0
2020-08-29T18:20:44.178691,1547,21.0
2020-08-29T18:20:44.553949,1623,20.0
2020-08-29T18:20:45.791452,1693,19.0
2020-08-29T18:20:51.490727,1581,20.0
2020-08-29T18:20:54.029898,1601,20.0
2020-08-29T18:20:54.635173,1537,21.0
2020-08-29T18:20:57.751431,1547,21.0
2020-08-29T18:20:58.200667,1537,21.0
2020-08-29T18:21:04.169584,1537,21.0
2020-08-29T18:21:04.556399,1626,19.0
2020-08-29T18:21:07.356623,1630,19.0
2020-08-29T18:21:11.082221,1537,21.0
2020-08-29T18:21:13.619486,1537,21.0
2020-08-29T18:21:14.637701,1588,19.0
2020-08-29T18:21:17.339904,1537,21.0
2020-08-29T18:21:17.795337,1537,21.0
2020-08-29T18:21:23.768762,1537,21.0
2020-08-29T18:21:24.231231,1547,21.0
2020-08-29T18:21:27.106518,1558,20.0
2020-08-29T18:21:30.685913,1537,21.0
2020-08-29T18:21:33.472970,1567,21.0
2020-08-29T18:21:34.324633,1547,21.0
2020-08-29T18:21:37.520581,1552,21.0
2020-08-29T18:21:39.553566,1709,19.0
2020-08-29T18:21:43.956407,1553,20.0
2020-08-29T18:21:44.164522,1631,19.0
2020-08-29T18:21:46.753215,1537,21.0
2020-08-29T18:21:50.314142,1537,21.0
2020-08-29T18:21:54.628289,1729,19.0
2020-08-29T18:21:55.864884,1627,20.0
2020-08-29T18:21:57.703102,1610,20.0
2020-08-29T18:21:59.291901,1553,20.0
2020-08-29T18:22:03.766223,1537,21.0
2020-08-29T18:22:04.378952,1634,20.0
2020-08-29T18:22:06.375381,1537,21.0
2020-08-29T18:22:12.601479,1718,20.0
2020-08-29T18:22:15.632357,1557,21.0
2020-08-29T18:22:16.448752,1653,20.0
2020-08-29T18:22:17.523918,1557,21.0
2020-08-29T18:22:18.950631,1537,21.0
2020-08-29T18:22:23.396426,1537,21.0
2020-08-29T18:22:25.359743,1557,21.0
2020-08-29T18:22:27.129282,1678,19.0
2020-08-29T18:22:32.201552,1537,21.0
2020-08-29T18:22:35.820393,1613,20.0
2020-08-29T18:22:36.515110,1599,20.0
2020-08-29T18:22:37.084367,1537,21.0
2020-08-29T18:22:38.643241,1553,20.0
2020-08-29T18:22:43.051767,1547,21.0
2020-08-29T18:22:45.810920,1644,19.0
2020-08-29T18:22:48.210627,1573,20.0
2020-08-29T18:22:51.818601,1537,21.0
2020-08-29T18:22:55.535010,1547,21.0
2020-08-29T18:22:56.165716,1537,21.0
2020-08-29T18:22:56.710506,1533,21.0
2020-08-29T18:22:59.930651,1742,18.0
2020-08-29T18:23:02.909466,1563,20.0
2020-08-29T18:23:05.690612,1567,21.0
2020-08-29T18:23:11.251349,1815,17.0
2020-08-29T18:23:12.370405,1652,20.0
2020-08-29T18:23:15.265488,1547,21.0
2020-08-29T18:23:16.271137,1528,21.0
2020-08-29T18:23:17.650666,1614,20.0
2020-08-29T18:23:21.901573,1677,20.0
2020-08-29T18:23:24.545067,1634,19.0
2020-08-29T18:23:25.349203,1537,21.0
2020-08-29T18:23:31.766451,1642,20.0
2020-08-29T18:23:32.130793,1547,21.0
2020-08-29T18:23:34.933268,1537,21.0
2020-08-29T18:23:35.932213,1537,21.0
2020-08-29T18:23:37.321117,1537,21.0
2020-08-29T18:23:41.686582,1553,20.0
2020-08-29T18:23:44.810635,1614,20.0
2020-08-29T18:23:45.003940,1537,21.0
2020-08-29T18:23:51.705653,1537,21.0
2020-08-29T18:23:51.811313,1588,21.0
2020-08-29T18:23:54.676970,1553,20.0
2020-08-29T18:23:55.540575,1537,21.0
2020-08-29T18:23:57.048092,1553,20.0
2020-08-29T18:24:01.269239,1537,21.0
2020-08-29T18:24:04.648727,1547,21.0
2020-08-29T18:24:04.701963,1571,20.0
2020-08-29T18:24:13.639321,1669,19.0
2020-08-29T18:24:15.067857,1537,21.0
2020-08-29T18:24:17.200448,1756,17.0
2020-08-29T18:24:17.318315,1626,19.0
2020-08-29T18:24:17.531187,2004,15.0
2020-08-29T18:24:21.566737,1623,20.0
2020-08-29T18:24:24.271692,1537,21.0
2020-08-29T18:24:24.386117,1545,21.0
2020-08-29T18:24:33.306217,1537,21.0
2020-08-29T18:24:34.837234,1547,21.0
2020-08-29T18:24:36.977455,1537,21.0
2020-08-29T18:24:37.359420,1557,21.0
2020-08-29T18:24:38.071748,1679,20.0
2020-08-29T18:24:43.605483,1681,19.0
2020-08-29T18:24:43.963562,1537,21.0
2020-08-29T18:24:44.238003,1557,21.0
2020-08-29T18:24:53.442576,1594,20.0
2020-08-29T18:24:55.745069,1542,21.0
2020-08-29T18:24:56.813394,1557,21.0
2020-08-29T18:24:57.111041,1547,21.0
2020-08-29T18:24:57.757259,1537,21.0
2020-08-29T18:25:03.686470,1547,21.0
2020-08-29T18:25:03.960038,1619,20.0
2020-08-29T18:25:04.204155,1574,21.0
2020-08-29T18:25:13.372044,1573,20.0
2020-08-29T18:25:15.378970,1537,21.0
2020-08-29T18:25:16.728512,1573,20.0
2020-08-29T18:25:16.861465,1552,21.0
2020-08-29T18:25:17.399976,1537,21.0
2020-08-29T18:25:23.346559,1542,21.0
2020-08-29T18:25:23.663226,1547,21.0
2020-08-29T18:25:23.828355,1537,21.0
2020-08-29T18:25:33.202258,1562,21.0
2020-08-29T18:25:36.879056,1591,20.0
2020-08-29T18:25:38.293578,1794,18.0
2020-08-29T18:25:39.399033,1688,18.0
2020-08-29T18:25:41.567453,1881,16.0
2020-08-29T18:25:43.270743,1537,21.0
2020-08-29T18:25:43.602187,1558,21.0
2020-08-29T18:25:44.851671,1615,20.0
2020-08-29T18:25:52.814682,1537,21.0
2020-08-29T18:25:58.141011,1591,20.0
2020-08-29T18:25:58.214084,1573,21.0
2020-08-29T18:25:59.028808,1537,21.0
2020-08-29T18:26:02.881626,1537,21.0
2020-08-29T18:26:03.184987,1785,19.0
2020-08-29T18:26:03.236169,1537,21.0
2020-08-29T18:26:04.489975,1537,21.0
2020-08-29T18:26:12.469226,1537,21.0
2020-08-29T18:26:17.837555,1547,21.0
2020-08-29T18:26:17.909259,1547,21.0
2020-08-29T18:26:19.200156,1609,20.0
2020-08-29T18:26:22.575087,1547,21.0
2020-08-29T18:26:24.080234,1537,21.0
2020-08-29T18:26:24.162415,1547,21.0
2020-08-29T18:26:24.243987,1547,21.0
2020-08-29T18:26:32.573191,1590,20.0
2020-08-29T18:26:37.787038,1563,20.0
2020-08-29T18:26:40.989238,1819,18.0
2020-08-29T18:26:41.433243,1704,19.0
2020-08-29T18:26:43.702519,1537,21.0
2020-08-29T18:26:43.937143,1557,21.0
2020-08-29T18:26:44.021683,1599,20.0
2020-08-29T18:26:44.387154,1600,20.0
2020-08-29T18:26:52.299604,1537,21.0
2020-08-29T18:26:57.582550,1547,21.0
2020-08-29T18:27:00.702620,1537,21.0
2020-08-29T18:27:01.301093,1557,21.0
2020-08-29T18:27:03.667542,1537,21.0
2020-08-29T18:27:04.109941,1547,21.0
2020-08-29T18:27:04.519210,1672,19.0
2020-08-29T18:27:04.956506,1697,19.0
2020-08-29T18:27:11.923899,1537,21.0
2020-08-29T18:27:17.964350,1633,20.0
2020-08-29T18:27:20.486073,1556,21.0
2020-08-29T18:27:21.284218,1581,20.0
